Archive:  /Users/adpena/Projects/pact/workspace/upstream/comma_video_compression_challenge/submissions/robust_current/archive.zip
  inflating: /Users/adpena/Projects/pact/workspace/upstream/comma_video_compression_challenge/submissions/robust_current/archive/0.mkv  
Inflating (Python bicubic + USM 0.40) /Users/adpena/Projects/pact/workspace/upstream/comma_video_compression_challenge/submissions/robust_current/archive/0.mkv -> /Users/adpena/Projects/pact/workspace/upstream/comma_video_compression_challenge/submissions/robust_current/inflated/0.raw
warning: `VIRTUAL_ENV=workspace/upstream/comma_video_compression_challenge/.venv` does not match the project environment path `.venv` and will be ignored; use `--active` to target the active environment instead
Inflating /Users/adpena/Projects/pact/workspace/upstream/comma_video_compression_challenge/submissions/robust_current/archive/0.mkv -> /Users/adpena/Projects/pact/workspace/upstream/comma_video_compression_challenge/submissions/robust_current/inflated/0.raw
Traceback (most recent call last):
  File "/Users/adpena/Projects/pact/workspace/upstream/comma_video_compression_challenge/submissions/robust_current/inflate_python.py", line 247, in <module>
    raise SystemExit(main())
                     ~~~~^^
  File "/Users/adpena/Projects/pact/workspace/upstream/comma_video_compression_challenge/submissions/robust_current/inflate_python.py", line 236, in main
    inflate_video(
    ~~~~~~~~~~~~~^
        mkv_path, out_path,
        ^^^^^^^^^^^^^^^^^^^
    ...<2 lines>...
        args.ffmpeg_bin,
        ^^^^^^^^^^^^^^^^
    )
    ^
  File "/Users/adpena/Projects/pact/workspace/upstream/comma_video_compression_challenge/submissions/robust_current/inflate_python.py", line 174, in inflate_video
    import torch
ModuleNotFoundError: No module named 'torch'
Traceback (most recent call last):
  File "<frozen runpy>", line 198, in _run_module_as_main
  File "<frozen runpy>", line 88, in _run_code
  File "/Users/adpena/Projects/pact/src/comma_lab/cli.py", line 187, in <module>
    raise SystemExit(main())
                     ~~~~^^
  File "/Users/adpena/Projects/pact/src/comma_lab/cli.py", line 180, in main
    return args.func(args)
           ~~~~~~~~~^^^^^^
  File "/Users/adpena/Projects/pact/src/comma_lab/cli.py", line 86, in cmd_eval_submission
    summary = evaluate_submission(
        args.name,
    ...<4 lines>...
        report_copy=Path(args.report_copy) if args.report_copy else None,
    )
  File "/Users/adpena/Projects/pact/src/comma_lab/evaluate.py", line 142, in evaluate_submission
    _run([
    ~~~~^^
        "bash",
        ^^^^^^^
    ...<4 lines>...
        device,
        ^^^^^^^
    ], cwd=root, env=env)
    ^^^^^^^^^^^^^^^^^^^^^
  File "/Users/adpena/Projects/pact/src/comma_lab/evaluate.py", line 67, in _run
    subprocess.run(
    ~~~~~~~~~~~~~~^
        cmd,
        ^^^^
    ...<5 lines>...
        stderr=sys.stderr,
        ^^^^^^^^^^^^^^^^^^
    )
    ^
  File "/opt/homebrew/Cellar/python@3.14/3.14.3_1/Frameworks/Python.framework/Versions/3.14/lib/python3.14/subprocess.py", line 577, in run
    raise CalledProcessError(retcode, process.args,
                             output=stdout, stderr=stderr)
subprocess.CalledProcessError: Command '['bash', '/Users/adpena/Projects/pact/workspace/upstream/comma_video_compression_challenge/evaluate.sh', '--submission-dir', '/Users/adpena/Projects/pact/workspace/upstream/comma_video_compression_challenge/submissions/robust_current', '--device', 'cpu']' returned non-zero exit status 1.
