[    8752ms] Error: Minified React error #425; visit https://reactjs.org/docs/error-decoder.html?invariant=425 for the full message or use the non-minified dev environment for full errors and additional helpful warnings.
    at jr (https://blog.cloudflare.com/_astro/client.BMDBmNz6.js:22:68)
    at lc (https://blog.cloudflare.com/_astro/client.BMDBmNz6.js:24:16103)
    at oa (https://blog.cloudflare.com/_astro/client.BMDBmNz6.js:24:39954)
    at ia (https://blog.cloudflare.com/_astro/client.BMDBmNz6.js:24:39844)
    at dc (https://blog.cloudflare.com/_astro/client.BMDBmNz6.js:24:39756)
    at na (https://blog.cloudflare.com/_astro/client.BMDBmNz6.js:24:34775)
    at st (https://blog.cloudflare.com/_astro/client.BMDBmNz6.js:9:1644)
    at MessagePort.Mt (https://blog.cloudflare.com/_astro/client.BMDBmNz6.js:9:2031)
[    8752ms] Error: Minified React error #418; visit https://reactjs.org/docs/error-decoder.html?invariant=418 for the full message or use the non-minified dev environment for full errors and additional helpful warnings.
    at ku (https://blog.cloudflare.com/_astro/client.BMDBmNz6.js:22:4907)
    at fa (https://blog.cloudflare.com/_astro/client.BMDBmNz6.js:24:45647)
    at ia (https://blog.cloudflare.com/_astro/client.BMDBmNz6.js:24:39783)
    at dc (https://blog.cloudflare.com/_astro/client.BMDBmNz6.js:24:39756)
    at na (https://blog.cloudflare.com/_astro/client.BMDBmNz6.js:24:34775)
    at st (https://blog.cloudflare.com/_astro/client.BMDBmNz6.js:9:1644)
    at MessagePort.Mt (https://blog.cloudflare.com/_astro/client.BMDBmNz6.js:9:2031)
[    8752ms] Error: Minified React error #418; visit https://reactjs.org/docs/error-decoder.html?invariant=418 for the full message or use the non-minified dev environment for full errors and additional helpful warnings.
    at ku (https://blog.cloudflare.com/_astro/client.BMDBmNz6.js:22:4907)
    at fa (https://blog.cloudflare.com/_astro/client.BMDBmNz6.js:24:45647)
    at ia (https://blog.cloudflare.com/_astro/client.BMDBmNz6.js:24:39783)
    at dc (https://blog.cloudflare.com/_astro/client.BMDBmNz6.js:24:39756)
    at na (https://blog.cloudflare.com/_astro/client.BMDBmNz6.js:24:34775)
    at st (https://blog.cloudflare.com/_astro/client.BMDBmNz6.js:9:1644)
    at MessagePort.Mt (https://blog.cloudflare.com/_astro/client.BMDBmNz6.js:9:2031)
[    8752ms] Error: Minified React error #418; visit https://reactjs.org/docs/error-decoder.html?invariant=418 for the full message or use the non-minified dev environment for full errors and additional helpful warnings.
    at ku (https://blog.cloudflare.com/_astro/client.BMDBmNz6.js:22:4907)
    at fa (https://blog.cloudflare.com/_astro/client.BMDBmNz6.js:24:45647)
    at ia (https://blog.cloudflare.com/_astro/client.BMDBmNz6.js:24:39783)
    at dc (https://blog.cloudflare.com/_astro/client.BMDBmNz6.js:24:39756)
    at na (https://blog.cloudflare.com/_astro/client.BMDBmNz6.js:24:34775)
    at st (https://blog.cloudflare.com/_astro/client.BMDBmNz6.js:9:1644)
    at MessagePort.Mt (https://blog.cloudflare.com/_astro/client.BMDBmNz6.js:9:2031)
[    8752ms] Error: Minified React error #423; visit https://reactjs.org/docs/error-decoder.html?invariant=423 for the full message or use the non-minified dev environment for full errors and additional helpful warnings.
    at fa (https://blog.cloudflare.com/_astro/client.BMDBmNz6.js:24:45307)
    at ia (https://blog.cloudflare.com/_astro/client.BMDBmNz6.js:24:39783)
    at cc (https://blog.cloudflare.com/_astro/client.BMDBmNz6.js:24:39714)
    at vl (https://blog.cloudflare.com/_astro/client.BMDBmNz6.js:24:39572)
    at ii (https://blog.cloudflare.com/_astro/client.BMDBmNz6.js:24:35956)
    at na (https://blog.cloudflare.com/_astro/client.BMDBmNz6.js:24:34909)
    at st (https://blog.cloudflare.com/_astro/client.BMDBmNz6.js:9:1644)
    at MessagePort.Mt (https://blog.cloudflare.com/_astro/client.BMDBmNz6.js:9:2031)
[   15030ms] [WARNING] The resource https://blog.cloudflare.com/_server-islands/SocialLinks?e=default&p=&s=46D6CE717E8424D1261575B2Quiwre%2FDK4gFwlm%2B7713eiy%2BqFjrXPYnKRO7vXAqTgStXiUFzBIREx1%2BhABwraFBqaLW2M%2Bh1rOMKyzd7WrQ770g3COK0G3vGH9omPs0Vjk2CKFxIr5E42Ke1Z1JN%2FuYDy0jL0azF%2FCqX4eqKbXThBWgsQtm0nMFeg4Aq4q85pIM8cUZrOUReXB5wSyoHZpk8Ga1Y7VbIQMu0wR40fQhf5R4RHeUomdoghQu6hXmo65W2SlMTwGi9sxdGfp%2FQOp104m8tekzmpAZU5dY37dopdM3nSZOWa1AtZpfTEP3AFCMSGxmPAWH%2BvD2heAuMoC2hO7PoXAQt%2BVrK7v3D3fcZ7Rqalk%2BPlXpUiLcioPrRUz3pa%2BKitvan4%2BWUCgIDyLYHs9dNeHKK%2FjiIlmlzjCk88xI7B3XtMgyZZav2cdOk%2FzYZ3gfRsUz7wuiGOdJZdLLnEh4orvvay7nfAbrV335Ra1lPKG%2Bjis%2FupoDAUCCmpaQQpBjtYYfSi35DdKymkXDDhCSSJBGuL3ltpPbXEoxgnAnIl5%2FiZK0KoyDnohj5QVU3J8leQMvQ87fEGhIiqIFjr1TZ5U%2FrinDWtWFc5%2BccEEkeDJHlWCnIPNsS%2B%2FXpI1EXL084EZhX2YFkVyiFmlFhFH57raDhjUVLIO9V8VkU1pVHdSFnUIDO%2BNlft16sKNto1RqXra1c%2BI16ocE928E1U6KmfxLftnsZ3g8MFNCbxjvlfMnUFh0wnugJX4zf%2FBdt0I2fPxinvCsvytWIet9RVNJHQ8pbZm7mpKoPqe9odABbm6jDbD%2FY5z8m5%2FCQEeBzFGWA%2FjRwzvhXjQPxcCNLIYl9ZhmKWcMExqRThbHm1EEcR8D%2BSkCCxQ7SoJ8PuBSTQyN1b3a17kMUNVSuBuxE63vSGtVXZ%2BOrr27xceAn0HMh%2B7%2Bb009XBW7%2Fa7Lv6osQ147NTxk3uaM89yT55NvGkG4W%2BzWFOdIy9Zcr7mDub%2Ft2WweCh8QFcRq6yHXuWRQcjSpabc6lIwwUvWLI1OPt%2BB%2Fmj9rmFdpDTpBmv0eFBfXkT1PanHS%2FoBZs7%2FEOcF%2FHeKOowp6Ri9s%2B54WVYrHucaE0HWaECPiH%2BwtdpD%2BZdN%2Fd2fRCJCZ1srqt0xhlOICKtjCPesv40wbqB%2FClKOvEGfxbi7e5kkmyz6UCZTWnhf9F6il%2FKozOutOjSLUgA29yHYAdm4zns0wncOektFb6SvOzUH4zNSdX0PQbM3m5igYUci72RRC%2Fnt%2FofdSSCnBXHc963MbYVxr%2BRTYeHXj%2Fn%2FPJ4dHVNuhyrgZrK6qsiSUUsFDKCShid%2BqE8QhQrlxGmku2Z%2FVno5Qmw%2F2bEeG8ByldzU%2BkKbCL2lP0j25kQ6J3QT5fKdri2FwjF2bq0q4ttdCCH3PFSA%3D was preloaded using link preload but not used within a few seconds from the window's load event. Please make sure it has an appropriate `as` value and it is preloaded intentionally. @ https://blog.cloudflare.com/emdash-wordpress/:0
[ 2000155ms] [WARNING] A matching frame for #repo-content-turbo-frame was missing from the response, transforming into full-page Visit. @ https://github.githubassets.com/assets/26533-4df1172b25427069.js:15
