ffmpeg version 8.1 Copyright (c) 2000-2026 the FFmpeg developers
  built with Apple clang version 17.0.0 (clang-1700.6.4.2)
  configuration: --prefix=/opt/homebrew/Cellar/ffmpeg/8.1 --enable-shared --enable-pthreads --enable-version3 --cc=clang --host-cflags= --host-ldflags= --enable-ffplay --enable-gpl --enable-libsvtav1 --enable-libopus --enable-libx264 --enable-libmp3lame --enable-libdav1d --enable-libvpx --enable-libx265 --enable-openssl --enable-videotoolbox --enable-audiotoolbox --enable-neon
  libavutil      60. 26.100 / 60. 26.100
  libavcodec     62. 28.100 / 62. 28.100
  libavformat    62. 12.100 / 62. 12.100
  libavdevice    62.  3.100 / 62.  3.100
  libavfilter    11. 14.100 / 11. 14.100
  libswscale      9.  5.100 /  9.  5.100
  libswresample   6.  3.100 /  6.  3.100
Input #0, matroska,webm, from 'workspace/upstream/comma_video_compression_challenge/videos/0.mkv':
  Metadata:
    SEGMENT         : b0c9d2329ad1606b|2018-07-27--06-03-57/10/video.hevc
    ENCODER         : Lavf60.16.100
  Duration: 00:01:00.00, start: 0.000000, bitrate: 5006 kb/s
  Stream #0:0: Video: hevc (Main), yuv420p(tv), 1164x874, 20 fps, 20 tbr, 1k tbn
    Metadata:
      DURATION        : 00:01:00.000000000
Stream mapping:
  Stream #0:0 -> #0:0 (hevc (native) -> av1 (libsvtav1))
Press [q] to stop, [?] for help
Svt[info]: -------------------------------------------
Svt[info]: SVT [version]:	SVT-AV1 Encoder Lib v4.1.0
Svt[info]: SVT [build]  :	Apple LLVM 17.0.0 (clang-1700.6.4.2)	 64 bit
Svt[info]: LIB Build date: Mar 23 2026 06:52:18
Svt[info]: -------------------------------------------
Svt[info]: Level of Parallelism: 5
Svt[info]: Number of PPCS 140
Svt[info]: [asm level on system : up to neon_i8mm]
Svt[info]: [asm level selected : up to neon_i8mm]
Svt[info]: -------------------------------------------
Svt[info]: SVT [config]: main profile	tier (auto)	level (auto)
Svt[info]: SVT [config]: width / height / fps numerator / fps denominator 		: 528 / 400 / 20 / 1
Svt[info]: SVT [config]: bit-depth / color format 					: 8 / YUV420
Svt[info]: SVT [config]: preset / tune / pred struct 					: 0 / PSNR / random access
Svt[info]: SVT [config]: gop size / mini-gop size / key-frame type 			: 180 / 32 / key frame
Svt[info]: SVT [config]: BRC mode / rate factor 					: CRF / 33.00 
Svt[info]: SVT [config]: AQ mode / Variance Boost 					: 2 / 0
Svt[info]: SVT [config]: film grain synth / denoising / level / adaptive blocksize 	: 1 / 0 / 22 / True
Svt[info]: SVT [config]: sharpness / luminance-based QP bias 				: 0 / 0
Svt[info]: SVT [config]: QP scale compress strength 					: 0
Svt[info]: -------------------------------------------
Output #0, matroska, to 'reports/raw/2026-04-05-av1-debug-rerun/smoke/smoke.mkv':
  Metadata:
    SEGMENT         : b0c9d2329ad1606b|2018-07-27--06-03-57/10/video.hevc
    encoder         : Lavf62.12.100
  Stream #0:0: Video: av1 (AV01 / 0x31305641), yuv420p(tv, progressive), 524x394, q=2-31, 20 fps, 1k tbn
    Metadata:
      encoder         : Lavc62.28.100 libsvtav1
      DURATION        : 00:01:00.000000000
frame=    0 fps=0.0 q=0.0 size=       0KiB time=N/A bitrate=N/A speed=N/A elapsed=0:00:00.51    frame=    0 fps=0.0 q=0.0 size=       0KiB time=N/A bitrate=N/A speed=N/A elapsed=0:00:01.02    frame=    0 fps=0.0 q=0.0 size=       0KiB time=N/A bitrate=N/A speed=N/A elapsed=0:00:01.53    frame=    1 fps=0.5 q=15.0 size=       1KiB time=00:00:00.00 bitrate=N/A speed=   0x elapsed=0:00:02.04    frame=    1 fps=0.4 q=15.0 size=       1KiB time=00:00:00.00 bitrate=N/A speed=   0x elapsed=0:00:02.54    frame=    1 fps=0.3 q=15.0 size=       1KiB time=00:00:00.00 bitrate=N/A speed=   0x elapsed=0:00:03.05    frame=    5 fps=1.4 q=30.0 size=       1KiB time=00:00:00.20 bitrate=  24.9kbits/s speed=0.0561x elapsed=0:00:03.56    frame=   17 fps=4.2 q=20.0 size=       1KiB time=00:00:00.80 bitrate=   6.2kbits/s speed=0.197x elapsed=0:00:04.07    frame=   17 fps=3.7 q=20.0 size=       1KiB time=00:00:00.80 bitrate=   6.2kbits/s speed=0.175x elapsed=0:00:04.57    frame=   25 fps=4.9 q=28.0 size=       1KiB time=00:00:01.20 bitrate=   4.2kbits/s speed=0.236x elapsed=0:00:05.08    [out#0/matroska @ 0xbff018240] video:32KiB audio:0KiB subtitle:0KiB other streams:0KiB global headers:0KiB muxing overhead: 2.586943%
frame=   40 fps=7.4 q=33.0 Lsize=      33KiB time=00:00:01.95 bitrate= 138.0kbits/s speed=0.362x elapsed=0:00:05.39    
