{
  "brotli_quality": 11,
  "evidence_grade": "empirical",
  "formula_only_rate_delta": -0.0027286899898946583,
  "header": {
    "members": [
      {
        "bytes": 59288,
        "codec": "raw",
        "name": "renderer.bin",
        "sha256": "5657593aec0bf380f0bd614578cc4a76da8589b6ef8ce0331c28b6a4d6658efb"
      },
      {
        "bytes": 98875,
        "codec": "raw",
        "name": "masks.mkv",
        "sha256": "5d126e047bbb22a7702a7d7aecd1c955c416cb85d709b81dc6234eaa428e97c4"
      },
      {
        "bytes": 1140,
        "codec": "pose_qp1_v1",
        "decoded_bytes": 7200,
        "decoded_sha256": "5236cf75cc95f6a9731b35f4e2fb1211aa99bfcc69e5964869edd19a7af3df9f",
        "lossy": true,
        "name": "optimized_poses.bin",
        "pose_error_stats": {
          "max_abs_by_dim": [
            0.0,
            0.0,
            0.0,
            0.0,
            0.0,
            0.0
          ],
          "pose_dim": 6,
          "rmse_by_dim": [
            0.0,
            0.0,
            0.0,
            0.0,
            0.0,
            0.0
          ],
          "rows": 600
        },
        "sha256": "1d2a6c31e836aa138bd09b3448db7e066f29f0cfcbf71b00e13357242655b583",
        "source_decoded_sha256": "5236cf75cc95f6a9731b35f4e2fb1211aa99bfcc69e5964869edd19a7af3df9f"
      }
    ],
    "payload_format": "public_pr64_mask_first_len_table",
    "schema": "renderer_payload_pr64_len_table_v1",
    "source_archive_sha256": "f550c42cad50ac534d763e2861b38239314484192501f4700e346956c7ed0d15"
  },
  "output_archive": "experiments/results/c067_micro_mask_reencode_hardframes32_20260502/crf60/packed_pr64_maskfirst_qp1/archive.zip",
  "output_archive_bytes": 147520,
  "output_archive_sha256": "01152bf5546867769d8627e8d9c541b0384777eacb4e85c94babacf598292ec8",
  "payload_compressed_bytes": 147420,
  "payload_format": "public_pr64_mask_first_len_table",
  "payload_member": "p",
  "payload_raw_bytes": 159315,
  "pose_codec": "pose_qp1_v1",
  "pose_residual_topk": 0,
  "savings_bytes": 4098,
  "score_claim": false,
  "source_archive": "experiments/results/c067_micro_mask_reencode_hardframes32_20260502/crf60/runtime_members/archive.zip",
  "source_archive_bytes": 151618,
  "source_archive_sha256": "f550c42cad50ac534d763e2861b38239314484192501f4700e346956c7ed0d15"
}
