Encoding /Users/adpena/projects/pact/workspace/upstream/comma_video_compression_challenge/videos/0.mkv -> /Users/adpena/projects/pact/submissions/robust_current/archive/0.mkv
ffmpeg version 8.1 Copyright (c) 2000-2026 the FFmpeg developers
  built with Apple clang version 17.0.0 (clang-1700.6.4.2)
  configuration: --prefix=/opt/homebrew/Cellar/ffmpeg/8.1 --enable-shared --enable-pthreads --enable-version3 --cc=clang --host-cflags= --host-ldflags= --enable-ffplay --enable-gpl --enable-libsvtav1 --enable-libopus --enable-libx264 --enable-libmp3lame --enable-libdav1d --enable-libvpx --enable-libx265 --enable-openssl --enable-videotoolbox --enable-audiotoolbox --enable-neon
  libavutil      60. 26.100 / 60. 26.100
  libavcodec     62. 28.100 / 62. 28.100
  libavformat    62. 12.100 / 62. 12.100
  libavdevice    62.  3.100 / 62.  3.100
  libavfilter    11. 14.100 / 11. 14.100
  libswscale      9.  5.100 /  9.  5.100
  libswresample   6.  3.100 /  6.  3.100
Input #0, matroska,webm, from '/Users/adpena/projects/pact/workspace/upstream/comma_video_compression_challenge/videos/0.mkv':
  Metadata:
    SEGMENT         : b0c9d2329ad1606b|2018-07-27--06-03-57/10/video.hevc
    ENCODER         : Lavf60.16.100
  Duration: 00:01:00.00, start: 0.000000, bitrate: 5006 kb/s
  Stream #0:0: Video: hevc (Main), yuv420p(tv), 1164x874, 20 fps, 20 tbr, 1k tbn
    Metadata:
      DURATION        : 00:01:00.000000000
Stream mapping:
  Stream #0:0 -> #0:0 (hevc (native) -> hevc (libx265))
Press [q] to stop, [?] for help
x265 [info]: HEVC encoder version 4.1+1-1d117be
x265 [info]: build info [Mac OS X][clang 17.0.0][64 bit] 8bit+10bit+12bit
x265 [info]: using cpu capabilities: NEON Neon_DotProd Neon_I8MM
x265 [info]: Main profile, Level-2.1 (Main tier)
x265 [info]: Thread pool created using 18 threads
x265 [info]: Slices                              : 1
x265 [info]: frame threads / pool features       : 4 / wpp(5 rows)
x265 [warning]: Source height < 720p; disabling lookahead-slices
x265 [info]: Coding QT: max CU size, min CU size : 64 / 8
x265 [info]: Residual QT: max TU size, max depth : 32 / 1 inter / 1 intra
x265 [info]: ME / range / subpel / merge         : hex / 57 / 2 / 3
x265 [info]: Lookahead / bframes / badapt        : 20 / 4 / 2
x265 [info]: b-pyramid / weightp / weightb       : 1 / 1 / 0
x265 [info]: References / ref-limit  cu / depth  : 4 / off / on
x265 [info]: AQ: mode / str / qg-size / cu-tree  : 2 / 1.0 / 32 / 1
x265 [info]: Rate Control / qCompress            : CRF-23.0 / 0.60
x265 [info]: tools: rd=3 psy-rd=2.00 early-skip rskip mode=1 signhide tmvp
x265 [info]: tools: b-intra strong-intra-smoothing deblock sao
Output #0, matroska, to '/Users/adpena/projects/pact/submissions/robust_current/archive/0.mkv':
  Metadata:
    SEGMENT         : b0c9d2329ad1606b|2018-07-27--06-03-57/10/video.hevc
    encoder         : Lavf62.12.100
  Stream #0:0: Video: hevc, yuv420p(tv, progressive), 424x318, q=2-31, 20 fps, 1k tbn
    Metadata:
      encoder         : Lavc62.28.100 libx265
      DURATION        : 00:01:00.000000000
    Side data:
      CPB properties: bitrate max/min/avg: 0/0/0 buffer size: 0 vbv_delay: N/A
frame=   36 fps=0.0 q=27.1 size=       3KiB time=00:00:01.75 bitrate=  13.9kbits/s speed=3.46x elapsed=0:00:00.50    frame=  113 fps=112 q=23.8 size=     116KiB time=00:00:05.55 bitrate= 171.7kbits/s speed=5.49x elapsed=0:00:01.01    frame=  185 fps=122 q=27.0 size=     180KiB time=00:00:09.15 bitrate= 161.6kbits/s speed=6.03x elapsed=0:00:01.51    frame=  261 fps=129 q=25.3 size=     256KiB time=00:00:12.95 bitrate= 161.9kbits/s speed= 6.4x elapsed=0:00:02.02    frame=  332 fps=131 q=27.1 size=     256KiB time=00:00:16.50 bitrate= 127.1kbits/s speed=6.52x elapsed=0:00:02.52    frame=  397 fps=131 q=25.7 size=     512KiB time=00:00:19.75 bitrate= 212.4kbits/s speed=6.51x elapsed=0:00:03.03    frame=  474 fps=134 q=24.0 size=     512KiB time=00:00:23.60 bitrate= 177.7kbits/s speed=6.67x elapsed=0:00:03.53    frame=  540 fps=134 q=27.0 size=     512KiB time=00:00:26.90 bitrate= 155.9kbits/s speed=6.65x elapsed=0:00:04.04    frame=  610 fps=134 q=27.2 size=     512KiB time=00:00:30.40 bitrate= 138.0kbits/s speed=6.69x elapsed=0:00:04.54    frame=  680 fps=135 q=25.7 size=     768KiB time=00:00:33.90 bitrate= 185.6kbits/s speed=6.71x elapsed=0:00:05.05    frame=  750 fps=135 q=25.9 size=     768KiB time=00:00:37.40 bitrate= 168.2kbits/s speed=6.73x elapsed=0:00:05.55    frame=  813 fps=134 q=22.5 size=     768KiB time=00:00:40.55 bitrate= 155.2kbits/s speed=6.69x elapsed=0:00:06.05    frame=  880 fps=134 q=23.8 size=    1024KiB time=00:00:43.90 bitrate= 191.1kbits/s speed=6.69x elapsed=0:00:06.56    frame=  943 fps=133 q=23.7 size=    1024KiB time=00:00:47.05 bitrate= 178.3kbits/s speed=6.66x elapsed=0:00:07.06    frame= 1006 fps=133 q=22.5 size=    1024KiB time=00:00:50.20 bitrate= 167.1kbits/s speed=6.63x elapsed=0:00:07.56    frame= 1060 fps=131 q=27.2 size=    1280KiB time=00:00:52.95 bitrate= 198.0kbits/s speed=6.55x elapsed=0:00:08.07    frame= 1126 fps=131 q=24.0 size=    1280KiB time=00:00:56.20 bitrate= 186.6kbits/s speed=6.54x elapsed=0:00:08.59    frame= 1198 fps=132 q=27.2 size=    1536KiB time=00:00:59.80 bitrate= 210.4kbits/s speed=6.57x elapsed=0:00:09.10    [out#0/matroska @ 0x76f010240] video:1621KiB audio:0KiB subtitle:0KiB other streams:0KiB global headers:2KiB muxing overhead: 0.744412%
frame= 1200 fps=132 q=27.2 Lsize=    1633KiB time=00:00:59.90 bitrate= 223.3kbits/s speed=6.58x elapsed=0:00:09.10    
x265 [info]: frame I:     25, Avg QP:22.74  kb/s: 1018.50 
x265 [info]: frame P:    236, Avg QP:23.78  kb/s: 465.68  
x265 [info]: frame B:    939, Avg QP:26.68  kb/s: 137.81  
x265 [info]: Weighted P-Frames: Y:5.1% UV:3.8%

encoded 1200 frames in 9.04s (132.74 fps), 220.64 kb/s, Avg QP:26.02
  adding: 0.mkv (deflated 0%)

Wrote /Users/adpena/projects/pact/submissions/robust_current/archive.zip
