Encoding /Users/adpena/projects/pact/workspace/upstream/comma_video_compression_challenge/videos/0.mkv -> /Users/adpena/projects/pact/submissions/robust_current/archive/0.mkv
ffmpeg version 8.1 Copyright (c) 2000-2026 the FFmpeg developers
  built with Apple clang version 17.0.0 (clang-1700.6.4.2)
  configuration: --prefix=/opt/homebrew/Cellar/ffmpeg/8.1 --enable-shared --enable-pthreads --enable-version3 --cc=clang --host-cflags= --host-ldflags= --enable-ffplay --enable-gpl --enable-libsvtav1 --enable-libopus --enable-libx264 --enable-libmp3lame --enable-libdav1d --enable-libvpx --enable-libx265 --enable-openssl --enable-videotoolbox --enable-audiotoolbox --enable-neon
  libavutil      60. 26.100 / 60. 26.100
  libavcodec     62. 28.100 / 62. 28.100
  libavformat    62. 12.100 / 62. 12.100
  libavdevice    62.  3.100 / 62.  3.100
  libavfilter    11. 14.100 / 11. 14.100
  libswscale      9.  5.100 /  9.  5.100
  libswresample   6.  3.100 /  6.  3.100
Input #0, matroska,webm, from '/Users/adpena/projects/pact/workspace/upstream/comma_video_compression_challenge/videos/0.mkv':
  Metadata:
    SEGMENT         : b0c9d2329ad1606b|2018-07-27--06-03-57/10/video.hevc
    ENCODER         : Lavf60.16.100
  Duration: 00:01:00.00, start: 0.000000, bitrate: 5006 kb/s
  Stream #0:0: Video: hevc (Main), yuv420p(tv), 1164x874, 20 fps, 20 tbr, 1k tbn
    Metadata:
      DURATION        : 00:01:00.000000000
Stream mapping:
  Stream #0:0 -> #0:0 (hevc (native) -> hevc (libx265))
Press [q] to stop, [?] for help
x265 [info]: HEVC encoder version 4.1+1-1d117be
x265 [info]: build info [Mac OS X][clang 17.0.0][64 bit] 8bit+10bit+12bit
x265 [info]: using cpu capabilities: NEON Neon_DotProd Neon_I8MM
x265 [info]: Main profile, Level-2.1 (Main tier)
x265 [info]: Thread pool created using 18 threads
x265 [info]: Slices                              : 1
x265 [info]: frame threads / pool features       : 4 / wpp(5 rows)
x265 [warning]: Source height < 720p; disabling lookahead-slices
x265 [info]: Coding QT: max CU size, min CU size : 64 / 8
x265 [info]: Residual QT: max TU size, max depth : 32 / 1 inter / 1 intra
x265 [info]: ME / range / subpel / merge         : hex / 57 / 2 / 3
x265 [info]: Lookahead / bframes / badapt        : 20 / 4 / 2
x265 [info]: b-pyramid / weightp / weightb       : 1 / 1 / 0
x265 [info]: References / ref-limit  cu / depth  : 4 / off / on
x265 [info]: AQ: mode / str / qg-size / cu-tree  : 2 / 1.0 / 32 / 1
x265 [info]: Rate Control / qCompress            : CRF-23.0 / 0.60
x265 [info]: tools: rd=3 psy-rd=2.00 early-skip rskip mode=1 signhide tmvp
x265 [info]: tools: b-intra strong-intra-smoothing deblock sao
Output #0, matroska, to '/Users/adpena/projects/pact/submissions/robust_current/archive/0.mkv':
  Metadata:
    SEGMENT         : b0c9d2329ad1606b|2018-07-27--06-03-57/10/video.hevc
    encoder         : Lavf62.12.100
  Stream #0:0: Video: hevc, yuv420p(tv, progressive), 424x318, q=2-31, 20 fps, 1k tbn
    Metadata:
      encoder         : Lavc62.28.100 libx265
      DURATION        : 00:01:00.000000000
    Side data:
      CPB properties: bitrate max/min/avg: 0/0/0 buffer size: 0 vbv_delay: N/A
frame=   52 fps=0.0 q=27.0 size=      61KiB time=00:00:02.50 bitrate= 199.9kbits/s speed=4.89x elapsed=0:00:00.51    frame=  124 fps=122 q=27.2 size=     116KiB time=00:00:06.10 bitrate= 156.2kbits/s speed=6.02x elapsed=0:00:01.01    frame=  190 fps=125 q=22.6 size=     180KiB time=00:00:09.40 bitrate= 157.3kbits/s speed=6.17x elapsed=0:00:01.52    frame=  260 fps=128 q=23.9 size=     256KiB time=00:00:12.90 bitrate= 162.6kbits/s speed=6.34x elapsed=0:00:02.03    frame=  317 fps=125 q=23.7 size=     256KiB time=00:00:15.80 bitrate= 132.7kbits/s speed=6.23x elapsed=0:00:02.53    frame=  377 fps=124 q=25.6 size=     256KiB time=00:00:18.75 bitrate= 111.8kbits/s speed=6.16x elapsed=0:00:03.04    frame=  447 fps=126 q=26.9 size=     512KiB time=00:00:22.30 bitrate= 188.1kbits/s speed=6.28x elapsed=0:00:03.55    frame=  512 fps=126 q=25.7 size=     512KiB time=00:00:25.50 bitrate= 164.5kbits/s speed=6.28x elapsed=0:00:04.06    frame=  572 fps=125 q=27.1 size=     512KiB time=00:00:28.50 bitrate= 147.2kbits/s speed=6.23x elapsed=0:00:04.57    frame=  635 fps=125 q=25.8 size=     768KiB time=00:00:31.70 bitrate= 198.5kbits/s speed=6.24x elapsed=0:00:05.08    frame=  697 fps=125 q=26.9 size=     768KiB time=00:00:34.75 bitrate= 181.0kbits/s speed=6.22x elapsed=0:00:05.59    frame=  767 fps=126 q=25.2 size=     768KiB time=00:00:38.25 bitrate= 164.5kbits/s speed=6.27x elapsed=0:00:06.10    frame=  837 fps=127 q=27.2 size=    1024KiB time=00:00:41.75 bitrate= 200.9kbits/s speed=6.32x elapsed=0:00:06.60    frame=  902 fps=127 q=27.2 size=    1024KiB time=00:00:45.00 bitrate= 186.4kbits/s speed=6.32x elapsed=0:00:07.11    frame=  961 fps=126 q=23.7 size=    1024KiB time=00:00:48.00 bitrate= 174.8kbits/s speed=6.29x elapsed=0:00:07.63    frame= 1024 fps=126 q=26.0 size=    1280KiB time=00:00:51.10 bitrate= 205.2kbits/s speed=6.27x elapsed=0:00:08.14    frame= 1070 fps=124 q=27.1 size=    1280KiB time=00:00:53.40 bitrate= 196.4kbits/s speed=6.17x elapsed=0:00:08.64    frame= 1118 fps=122 q=25.3 size=    1280KiB time=00:00:55.85 bitrate= 187.7kbits/s speed= 6.1x elapsed=0:00:09.16    frame= 1179 fps=122 q=23.7 size=    1536KiB time=00:00:58.85 bitrate= 213.8kbits/s speed=6.09x elapsed=0:00:09.67    [out#0/matroska @ 0xc6b408240] video:1621KiB audio:0KiB subtitle:0KiB other streams:0KiB global headers:2KiB muxing overhead: 0.744412%
frame= 1200 fps=123 q=27.2 Lsize=    1633KiB time=00:00:59.90 bitrate= 223.3kbits/s speed=6.12x elapsed=0:00:09.79    
x265 [info]: frame I:     25, Avg QP:22.74  kb/s: 1018.50 
x265 [info]: frame P:    236, Avg QP:23.78  kb/s: 465.68  
x265 [info]: frame B:    939, Avg QP:26.68  kb/s: 137.81  
x265 [info]: Weighted P-Frames: Y:5.1% UV:3.8%

encoded 1200 frames in 9.74s (123.19 fps), 220.64 kb/s, Avg QP:26.02
  adding: 0.mkv (deflated 0%)

Wrote /Users/adpena/projects/pact/submissions/robust_current/archive.zip
