Encoding /Users/adpena/projects/pact/workspace/upstream/comma_video_compression_challenge/videos/0.mkv -> /Users/adpena/projects/pact/submissions/robust_current/archive/0.mkv
ffmpeg version 8.1 Copyright (c) 2000-2026 the FFmpeg developers
  built with Apple clang version 17.0.0 (clang-1700.6.4.2)
  configuration: --prefix=/opt/homebrew/Cellar/ffmpeg/8.1 --enable-shared --enable-pthreads --enable-version3 --cc=clang --host-cflags= --host-ldflags= --enable-ffplay --enable-gpl --enable-libsvtav1 --enable-libopus --enable-libx264 --enable-libmp3lame --enable-libdav1d --enable-libvpx --enable-libx265 --enable-openssl --enable-videotoolbox --enable-audiotoolbox --enable-neon
  libavutil      60. 26.100 / 60. 26.100
  libavcodec     62. 28.100 / 62. 28.100
  libavformat    62. 12.100 / 62. 12.100
  libavdevice    62.  3.100 / 62.  3.100
  libavfilter    11. 14.100 / 11. 14.100
  libswscale      9.  5.100 /  9.  5.100
  libswresample   6.  3.100 /  6.  3.100
Input #0, matroska,webm, from '/Users/adpena/projects/pact/workspace/upstream/comma_video_compression_challenge/videos/0.mkv':
  Metadata:
    SEGMENT         : b0c9d2329ad1606b|2018-07-27--06-03-57/10/video.hevc
    ENCODER         : Lavf60.16.100
  Duration: 00:01:00.00, start: 0.000000, bitrate: 5006 kb/s
  Stream #0:0: Video: hevc (Main), yuv420p(tv), 1164x874, 20 fps, 20 tbr, 1k tbn
    Metadata:
      DURATION        : 00:01:00.000000000
Stream mapping:
  Stream #0:0 -> #0:0 (hevc (native) -> hevc (libx265))
Press [q] to stop, [?] for help
x265 [info]: HEVC encoder version 4.1+1-1d117be
x265 [info]: build info [Mac OS X][clang 17.0.0][64 bit] 8bit+10bit+12bit
x265 [info]: using cpu capabilities: NEON Neon_DotProd Neon_I8MM
x265 [info]: Main profile, Level-2.1 (Main tier)
x265 [info]: Thread pool created using 18 threads
x265 [info]: Slices                              : 1
x265 [info]: frame threads / pool features       : 4 / wpp(5 rows)
x265 [warning]: Source height < 720p; disabling lookahead-slices
x265 [info]: Coding QT: max CU size, min CU size : 64 / 8
x265 [info]: Residual QT: max TU size, max depth : 32 / 1 inter / 1 intra
x265 [info]: ME / range / subpel / merge         : hex / 57 / 2 / 3
x265 [info]: Lookahead / bframes / badapt        : 20 / 4 / 2
x265 [info]: b-pyramid / weightp / weightb       : 1 / 1 / 0
x265 [info]: References / ref-limit  cu / depth  : 4 / off / on
x265 [info]: AQ: mode / str / qg-size / cu-tree  : 2 / 1.0 / 32 / 1
x265 [info]: Rate Control / qCompress            : CRF-23.0 / 0.60
x265 [info]: tools: rd=3 psy-rd=2.00 early-skip rskip mode=1 signhide tmvp
x265 [info]: tools: b-intra strong-intra-smoothing deblock sao
Output #0, matroska, to '/Users/adpena/projects/pact/submissions/robust_current/archive/0.mkv':
  Metadata:
    SEGMENT         : b0c9d2329ad1606b|2018-07-27--06-03-57/10/video.hevc
    encoder         : Lavf62.12.100
  Stream #0:0: Video: hevc, yuv420p(tv, progressive), 424x318, q=2-31, 20 fps, 1k tbn
    Metadata:
      encoder         : Lavc62.28.100 libx265
      DURATION        : 00:01:00.000000000
    Side data:
      CPB properties: bitrate max/min/avg: 0/0/0 buffer size: 0 vbv_delay: N/A
frame=   27 fps=0.0 q=27.0 size=       3KiB time=00:00:01.25 bitrate=  19.5kbits/s speed=2.44x elapsed=0:00:00.51    frame=   86 fps= 83 q=26.9 size=      61KiB time=00:00:04.20 bitrate= 119.0kbits/s speed=4.07x elapsed=0:00:01.03    frame=  142 fps= 92 q=22.7 size=     116KiB time=00:00:07.00 bitrate= 136.2kbits/s speed=4.53x elapsed=0:00:01.54    frame=  192 fps= 93 q=26.9 size=     251KiB time=00:00:09.55 bitrate= 215.4kbits/s speed=4.63x elapsed=0:00:02.06    frame=  251 fps= 98 q=23.9 size=     256KiB time=00:00:12.45 bitrate= 168.4kbits/s speed=4.84x elapsed=0:00:02.57    frame=  308 fps=100 q=25.7 size=     256KiB time=00:00:15.35 bitrate= 136.6kbits/s speed=4.97x elapsed=0:00:03.08    frame=  364 fps=101 q=26.9 size=     256KiB time=00:00:18.10 bitrate= 115.9kbits/s speed=5.03x elapsed=0:00:03.59    frame=  424 fps=103 q=23.9 size=     512KiB time=00:00:21.10 bitrate= 198.8kbits/s speed=5.14x elapsed=0:00:04.10    frame=  476 fps=103 q=27.0 size=     512KiB time=00:00:23.70 bitrate= 177.0kbits/s speed=5.14x elapsed=0:00:04.61    frame=  535 fps=105 q=25.3 size=     512KiB time=00:00:26.65 bitrate= 157.4kbits/s speed=5.21x elapsed=0:00:05.11    frame=  607 fps=108 q=26.9 size=     512KiB time=00:00:30.25 bitrate= 138.7kbits/s speed=5.37x elapsed=0:00:05.62    frame=  668 fps=109 q=26.9 size=     768KiB time=00:00:33.30 bitrate= 188.9kbits/s speed=5.42x elapsed=0:00:06.13    frame=  718 fps=108 q=25.3 size=     768KiB time=00:00:35.85 bitrate= 175.5kbits/s speed=5.39x elapsed=0:00:06.64    frame=  785 fps=110 q=27.0 size=     768KiB time=00:00:39.20 bitrate= 160.5kbits/s speed=5.48x elapsed=0:00:07.15    frame=  848 fps=111 q=23.7 size=    1024KiB time=00:00:42.30 bitrate= 198.3kbits/s speed=5.52x elapsed=0:00:07.65    frame=  904 fps=111 q=23.9 size=    1024KiB time=00:00:45.10 bitrate= 186.0kbits/s speed=5.52x elapsed=0:00:08.16    frame=  966 fps=111 q=23.7 size=    1024KiB time=00:00:48.20 bitrate= 174.0kbits/s speed=5.55x elapsed=0:00:08.68    frame= 1027 fps=112 q=24.1 size=    1280KiB time=00:00:51.30 bitrate= 204.4kbits/s speed=5.58x elapsed=0:00:09.18    frame= 1078 fps=111 q=23.6 size=    1280KiB time=00:00:53.80 bitrate= 194.9kbits/s speed=5.55x elapsed=0:00:09.69    frame= 1136 fps=111 q=23.8 size=    1280KiB time=00:00:56.70 bitrate= 184.9kbits/s speed=5.56x elapsed=0:00:10.20    [out#0/matroska @ 0xb3f010240] video:1621KiB audio:0KiB subtitle:0KiB other streams:0KiB global headers:2KiB muxing overhead: 0.744412%
frame= 1200 fps=112 q=27.2 Lsize=    1633KiB time=00:00:59.90 bitrate= 223.3kbits/s speed=5.61x elapsed=0:00:10.67    
x265 [info]: frame I:     25, Avg QP:22.74  kb/s: 1018.50 
x265 [info]: frame P:    236, Avg QP:23.78  kb/s: 465.68  
x265 [info]: frame B:    939, Avg QP:26.68  kb/s: 137.81  
x265 [info]: Weighted P-Frames: Y:5.1% UV:3.8%

encoded 1200 frames in 10.61s (113.13 fps), 220.64 kb/s, Avg QP:26.02
  adding: 0.mkv (deflated 0%)

Wrote /Users/adpena/projects/pact/submissions/robust_current/archive.zip
