Encoding dynamic ROI window 000 /Users/adpena/projects/pact/workspace/upstream/comma_video_compression_challenge/videos/0.mkv -> /Users/adpena/projects/pact/submissions/robust_current/archive/0/base_000.mkv + /Users/adpena/projects/pact/submissions/robust_current/archive/0/roi_000.mkv
ffmpeg version 8.1 Copyright (c) 2000-2026 the FFmpeg developers
  built with Apple clang version 17.0.0 (clang-1700.6.4.2)
  configuration: --prefix=/opt/homebrew/Cellar/ffmpeg/8.1 --enable-shared --enable-pthreads --enable-version3 --cc=clang --host-cflags= --host-ldflags= --enable-ffplay --enable-gpl --enable-libsvtav1 --enable-libopus --enable-libx264 --enable-libmp3lame --enable-libdav1d --enable-libvpx --enable-libx265 --enable-openssl --enable-videotoolbox --enable-audiotoolbox --enable-neon
  libavutil      60. 26.100 / 60. 26.100
  libavcodec     62. 28.100 / 62. 28.100
  libavformat    62. 12.100 / 62. 12.100
  libavdevice    62.  3.100 / 62.  3.100
  libavfilter    11. 14.100 / 11. 14.100
  libswscale      9.  5.100 /  9.  5.100
  libswresample   6.  3.100 /  6.  3.100
Input #0, matroska,webm, from '/Users/adpena/projects/pact/workspace/upstream/comma_video_compression_challenge/videos/0.mkv':
  Metadata:
    SEGMENT         : b0c9d2329ad1606b|2018-07-27--06-03-57/10/video.hevc
    ENCODER         : Lavf60.16.100
  Duration: 00:01:00.00, start: 0.000000, bitrate: 5006 kb/s
  Stream #0:0: Video: hevc (Main), yuv420p(tv), 1164x874, 20 fps, 20 tbr, 1k tbn
    Metadata:
      DURATION        : 00:01:00.000000000
Stream mapping:
  Stream #0:0 (hevc) -> trim:default
  split -> Stream #0:0 (libx265)
  crop:default -> Stream #1:0 (libx265)
Press [q] to stop, [?] for help
x265 [info]: HEVC encoder version 4.1+1-1d117be
x265 [info]: build info [Mac OS X][clang 17.0.0][64 bit] 8bit+10bit+12bit
x265 [info]: using cpu capabilities: NEON Neon_DotProd Neon_I8MM
x265 [info]: Main profile, Level-2.1 (Main tier)
x265 [info]: Thread pool created using 18 threads
x265 [info]: Slices                              : 1
x265 [info]: frame threads / pool features       : 4 / wpp(6 rows)
x265 [warning]: Source height < 720p; disabling lookahead-slices
x265 [info]: Coding QT: max CU size, min CU size : 64 / 8
x265 [info]: Residual QT: max TU size, max depth : 32 / 1 inter / 1 intra
x265 [info]: ME / range / subpel / merge         : hex / 57 / 2 / 3
x265 [info]: Lookahead / bframes / badapt        : 20 / 4 / 2
x265 [info]: b-pyramid / weightp / weightb       : 1 / 1 / 0
x265 [info]: References / ref-limit  cu / depth  : 4 / off / on
x265 [info]: AQ: mode / str / qg-size / cu-tree  : 2 / 1.0 / 32 / 1
x265 [info]: Rate Control / qCompress            : CRF-24.0 / 0.60
x265 [info]: tools: rd=3 psy-rd=2.00 early-skip rskip mode=1 signhide tmvp
x265 [info]: tools: b-intra strong-intra-smoothing deblock sao
Output #0, matroska, to '/Users/adpena/projects/pact/submissions/robust_current/archive/0/base_000.mkv':
  Metadata:
    SEGMENT         : b0c9d2329ad1606b|2018-07-27--06-03-57/10/video.hevc
    encoder         : Lavf62.12.100
  Stream #0:0: Video: hevc, yuv420p(tv, progressive), 432x324, q=2-31, 20 fps, 1k tbn
    Metadata:
      encoder         : Lavc62.28.100 libx265
    Side data:
      CPB properties: bitrate max/min/avg: 0/0/0 buffer size: 0 vbv_delay: N/A
x265 [info]: HEVC encoder version 4.1+1-1d117be
x265 [info]: build info [Mac OS X][clang 17.0.0][64 bit] 8bit+10bit+12bit
x265 [info]: using cpu capabilities: NEON Neon_DotProd Neon_I8MM
x265 [info]: Main profile, Level-2 (Main tier)
x265 [info]: Thread pool created using 18 threads
x265 [info]: Slices                              : 1
x265 [info]: frame threads / pool features       : 4 / wpp(4 rows)
x265 [warning]: Source height < 720p; disabling lookahead-slices
x265 [info]: Coding QT: max CU size, min CU size : 64 / 8
x265 [info]: Residual QT: max TU size, max depth : 32 / 1 inter / 1 intra
x265 [info]: ME / range / subpel / merge         : hex / 57 / 2 / 3
x265 [info]: Lookahead / bframes / badapt        : 20 / 4 / 2
x265 [info]: b-pyramid / weightp / weightb       : 1 / 1 / 0
x265 [info]: References / ref-limit  cu / depth  : 4 / off / on
x265 [info]: AQ: mode / str / qg-size / cu-tree  : 2 / 1.0 / 32 / 1
x265 [info]: Rate Control / qCompress            : CRF-22.0 / 0.60
x265 [info]: tools: rd=3 psy-rd=2.00 early-skip rskip mode=1 signhide tmvp
x265 [info]: tools: b-intra strong-intra-smoothing deblock sao
Output #1, matroska, to '/Users/adpena/projects/pact/submissions/robust_current/archive/0/roi_000.mkv':
  Metadata:
    SEGMENT         : b0c9d2329ad1606b|2018-07-27--06-03-57/10/video.hevc
    encoder         : Lavf62.12.100
  Stream #1:0: Video: hevc, yuv420p(tv, progressive), 320x220, q=2-31, 20 fps, 1k tbn
    Metadata:
      encoder         : Lavc62.28.100 libx265
    Side data:
      CPB properties: bitrate max/min/avg: 0/0/0 buffer size: 0 vbv_delay: N/A
frame=   16 fps=0.0 q=24.4 q=27.6 size=       3KiB time=00:00:00.70 bitrate=  34.8kbits/s speed=1.39x elapsed=0:00:00.50    frame=   69 fps= 68 q=27.0 q=24.7 size=      51KiB time=00:00:03.35 bitrate= 123.8kbits/s speed=3.32x elapsed=0:00:01.00    frame=  133 fps= 88 q=24.7 q=26.2 size=      95KiB time=00:00:06.55 bitrate= 119.3kbits/s speed=4.33x elapsed=0:00:01.51    [out#0/matroska @ 0x945008300] video:218KiB audio:0KiB subtitle:0KiB other streams:0KiB global headers:2KiB muxing overhead: 2.078968%
[out#1/matroska @ 0x9450083c0] video:206KiB audio:0KiB subtitle:0KiB other streams:0KiB global headers:2KiB muxing overhead: 2.196640%
frame=  200 fps= 97 q=28.1 Lq=26.4 size=     222KiB time=00:00:09.90 bitrate= 183.8kbits/s speed=4.79x elapsed=0:00:02.06    
x265 [info]: frame I:      5, Avg QP:23.95  kb/s: 835.30  
x265 [info]: frame P:     40, Avg QP:24.71  kb/s: 368.13  
x265 [info]: frame B:    155, Avg QP:27.83  kb/s: 107.27  
x265 [info]: Weighted P-Frames: Y:0.0% UV:0.0%

encoded 200 frames in 1.99s (100.29 fps), 177.64 kb/s, Avg QP:27.11
x265 [info]: frame I:      5, Avg QP:21.61  kb/s: 666.88  
x265 [info]: frame P:     44, Avg QP:22.49  kb/s: 335.85  
x265 [info]: frame B:    151, Avg QP:25.96  kb/s: 102.59  
x265 [info]: Weighted P-Frames: Y:0.0% UV:0.0%

encoded 200 frames in 1.98s (101.00 fps), 168.02 kb/s, Avg QP:25.09
Encoding dynamic ROI window 001 /Users/adpena/projects/pact/workspace/upstream/comma_video_compression_challenge/videos/0.mkv -> /Users/adpena/projects/pact/submissions/robust_current/archive/0/base_001.mkv + /Users/adpena/projects/pact/submissions/robust_current/archive/0/roi_001.mkv
ffmpeg version 8.1 Copyright (c) 2000-2026 the FFmpeg developers
  built with Apple clang version 17.0.0 (clang-1700.6.4.2)
  configuration: --prefix=/opt/homebrew/Cellar/ffmpeg/8.1 --enable-shared --enable-pthreads --enable-version3 --cc=clang --host-cflags= --host-ldflags= --enable-ffplay --enable-gpl --enable-libsvtav1 --enable-libopus --enable-libx264 --enable-libmp3lame --enable-libdav1d --enable-libvpx --enable-libx265 --enable-openssl --enable-videotoolbox --enable-audiotoolbox --enable-neon
  libavutil      60. 26.100 / 60. 26.100
  libavcodec     62. 28.100 / 62. 28.100
  libavformat    62. 12.100 / 62. 12.100
  libavdevice    62.  3.100 / 62.  3.100
  libavfilter    11. 14.100 / 11. 14.100
  libswscale      9.  5.100 /  9.  5.100
  libswresample   6.  3.100 /  6.  3.100
Input #0, matroska,webm, from '/Users/adpena/projects/pact/workspace/upstream/comma_video_compression_challenge/videos/0.mkv':
  Metadata:
    SEGMENT         : b0c9d2329ad1606b|2018-07-27--06-03-57/10/video.hevc
    ENCODER         : Lavf60.16.100
  Duration: 00:01:00.00, start: 0.000000, bitrate: 5006 kb/s
  Stream #0:0: Video: hevc (Main), yuv420p(tv), 1164x874, 20 fps, 20 tbr, 1k tbn
    Metadata:
      DURATION        : 00:01:00.000000000
Stream mapping:
  Stream #0:0 (hevc) -> trim:default
  split -> Stream #0:0 (libx265)
  crop:default -> Stream #1:0 (libx265)
Press [q] to stop, [?] for help
x265 [info]: HEVC encoder version 4.1+1-1d117be
x265 [info]: build info [Mac OS X][clang 17.0.0][64 bit] 8bit+10bit+12bit
x265 [info]: using cpu capabilities: NEON Neon_DotProd Neon_I8MM
x265 [info]: Main profile, Level-2.1 (Main tier)
x265 [info]: Thread pool created using 18 threads
x265 [info]: Slices                              : 1
x265 [info]: frame threads / pool features       : 4 / wpp(6 rows)
x265 [warning]: Source height < 720p; disabling lookahead-slices
x265 [info]: Coding QT: max CU size, min CU size : 64 / 8
x265 [info]: Residual QT: max TU size, max depth : 32 / 1 inter / 1 intra
x265 [info]: ME / range / subpel / merge         : hex / 57 / 2 / 3
x265 [info]: Lookahead / bframes / badapt        : 20 / 4 / 2
x265 [info]: b-pyramid / weightp / weightb       : 1 / 1 / 0
x265 [info]: References / ref-limit  cu / depth  : 4 / off / on
x265 [info]: AQ: mode / str / qg-size / cu-tree  : 2 / 1.0 / 32 / 1
x265 [info]: Rate Control / qCompress            : CRF-24.0 / 0.60
x265 [info]: tools: rd=3 psy-rd=2.00 early-skip rskip mode=1 signhide tmvp
x265 [info]: tools: b-intra strong-intra-smoothing deblock sao
Output #0, matroska, to '/Users/adpena/projects/pact/submissions/robust_current/archive/0/base_001.mkv':
  Metadata:
    SEGMENT         : b0c9d2329ad1606b|2018-07-27--06-03-57/10/video.hevc
    encoder         : Lavf62.12.100
  Stream #0:0: Video: hevc, yuv420p(tv, progressive), 432x324, q=2-31, 20 fps, 1k tbn
    Metadata:
      encoder         : Lavc62.28.100 libx265
    Side data:
      CPB properties: bitrate max/min/avg: 0/0/0 buffer size: 0 vbv_delay: N/A
x265 [info]: HEVC encoder version 4.1+1-1d117be
x265 [info]: build info [Mac OS X][clang 17.0.0][64 bit] 8bit+10bit+12bit
x265 [info]: using cpu capabilities: NEON Neon_DotProd Neon_I8MM
x265 [info]: Main profile, Level-2 (Main tier)
x265 [info]: Thread pool created using 18 threads
x265 [info]: Slices                              : 1
x265 [info]: frame threads / pool features       : 4 / wpp(4 rows)
x265 [warning]: Source height < 720p; disabling lookahead-slices
x265 [info]: Coding QT: max CU size, min CU size : 64 / 8
x265 [info]: Residual QT: max TU size, max depth : 32 / 1 inter / 1 intra
x265 [info]: ME / range / subpel / merge         : hex / 57 / 2 / 3
x265 [info]: Lookahead / bframes / badapt        : 20 / 4 / 2
x265 [info]: b-pyramid / weightp / weightb       : 1 / 1 / 0
x265 [info]: References / ref-limit  cu / depth  : 4 / off / on
x265 [info]: AQ: mode / str / qg-size / cu-tree  : 2 / 1.0 / 32 / 1
x265 [info]: Rate Control / qCompress            : CRF-22.0 / 0.60
x265 [info]: tools: rd=3 psy-rd=2.00 early-skip rskip mode=1 signhide tmvp
x265 [info]: tools: b-intra strong-intra-smoothing deblock sao
Output #1, matroska, to '/Users/adpena/projects/pact/submissions/robust_current/archive/0/roi_001.mkv':
  Metadata:
    SEGMENT         : b0c9d2329ad1606b|2018-07-27--06-03-57/10/video.hevc
    encoder         : Lavf62.12.100
  Stream #1:0: Video: hevc, yuv420p(tv, progressive), 320x220, q=2-31, 20 fps, 1k tbn
    Metadata:
      encoder         : Lavc62.28.100 libx265
    Side data:
      CPB properties: bitrate max/min/avg: 0/0/0 buffer size: 0 vbv_delay: N/A
frame=   41 fps= 40 q=25.0 q=27.0 size=       3KiB time=00:00:01.95 bitrate=  12.5kbits/s speed=1.92x elapsed=0:00:01.01    frame=   92 fps= 61 q=28.2 q=26.3 size=      60KiB time=00:00:04.50 bitrate= 109.8kbits/s speed=2.97x elapsed=0:00:01.51    frame=  144 fps= 71 q=28.1 q=22.6 size=     176KiB time=00:00:07.10 bitrate= 202.5kbits/s speed=3.51x elapsed=0:00:02.02    [out#0/matroska @ 0x875014300] video:231KiB audio:0KiB subtitle:0KiB other streams:0KiB global headers:2KiB muxing overhead: 1.958538%
[out#1/matroska @ 0x8750143c0] video:211KiB audio:0KiB subtitle:0KiB other streams:0KiB global headers:2KiB muxing overhead: 2.145730%
frame=  200 fps= 82 q=28.1 Lq=26.4 size=     235KiB time=00:00:09.90 bitrate= 194.9kbits/s speed=4.04x elapsed=0:00:02.45    
x265 [info]: frame I:      5, Avg QP:23.93  kb/s: 783.30  
x265 [info]: frame P:     40, Avg QP:24.84  kb/s: 387.80  
x265 [info]: frame B:    155, Avg QP:27.84  kb/s: 117.96  
x265 [info]: Weighted P-Frames: Y:2.5% UV:2.5%

encoded 200 frames in 1.92s (104.31 fps), 188.56 kb/s, Avg QP:27.14
x265 [info]: frame I:      5, Avg QP:21.71  kb/s: 629.09  
x265 [info]: frame P:     43, Avg QP:22.57  kb/s: 349.74  
x265 [info]: frame B:    152, Avg QP:25.85  kb/s: 106.71  
x265 [info]: Weighted P-Frames: Y:16.3% UV:9.3%

encoded 200 frames in 1.90s (105.02 fps), 172.02 kb/s, Avg QP:25.04
Encoding dynamic ROI window 002 /Users/adpena/projects/pact/workspace/upstream/comma_video_compression_challenge/videos/0.mkv -> /Users/adpena/projects/pact/submissions/robust_current/archive/0/base_002.mkv + /Users/adpena/projects/pact/submissions/robust_current/archive/0/roi_002.mkv
ffmpeg version 8.1 Copyright (c) 2000-2026 the FFmpeg developers
  built with Apple clang version 17.0.0 (clang-1700.6.4.2)
  configuration: --prefix=/opt/homebrew/Cellar/ffmpeg/8.1 --enable-shared --enable-pthreads --enable-version3 --cc=clang --host-cflags= --host-ldflags= --enable-ffplay --enable-gpl --enable-libsvtav1 --enable-libopus --enable-libx264 --enable-libmp3lame --enable-libdav1d --enable-libvpx --enable-libx265 --enable-openssl --enable-videotoolbox --enable-audiotoolbox --enable-neon
  libavutil      60. 26.100 / 60. 26.100
  libavcodec     62. 28.100 / 62. 28.100
  libavformat    62. 12.100 / 62. 12.100
  libavdevice    62.  3.100 / 62.  3.100
  libavfilter    11. 14.100 / 11. 14.100
  libswscale      9.  5.100 /  9.  5.100
  libswresample   6.  3.100 /  6.  3.100
Input #0, matroska,webm, from '/Users/adpena/projects/pact/workspace/upstream/comma_video_compression_challenge/videos/0.mkv':
  Metadata:
    SEGMENT         : b0c9d2329ad1606b|2018-07-27--06-03-57/10/video.hevc
    ENCODER         : Lavf60.16.100
  Duration: 00:01:00.00, start: 0.000000, bitrate: 5006 kb/s
  Stream #0:0: Video: hevc (Main), yuv420p(tv), 1164x874, 20 fps, 20 tbr, 1k tbn
    Metadata:
      DURATION        : 00:01:00.000000000
Stream mapping:
  Stream #0:0 (hevc) -> trim:default
  split -> Stream #0:0 (libx265)
  crop:default -> Stream #1:0 (libx265)
Press [q] to stop, [?] for help
x265 [info]: HEVC encoder version 4.1+1-1d117be
x265 [info]: build info [Mac OS X][clang 17.0.0][64 bit] 8bit+10bit+12bit
x265 [info]: using cpu capabilities: NEON Neon_DotProd Neon_I8MM
x265 [info]: Main profile, Level-2.1 (Main tier)
x265 [info]: Thread pool created using 18 threads
x265 [info]: Slices                              : 1
x265 [info]: frame threads / pool features       : 4 / wpp(6 rows)
x265 [warning]: Source height < 720p; disabling lookahead-slices
x265 [info]: Coding QT: max CU size, min CU size : 64 / 8
x265 [info]: Residual QT: max TU size, max depth : 32 / 1 inter / 1 intra
x265 [info]: ME / range / subpel / merge         : hex / 57 / 2 / 3
x265 [info]: Lookahead / bframes / badapt        : 20 / 4 / 2
x265 [info]: b-pyramid / weightp / weightb       : 1 / 1 / 0
x265 [info]: References / ref-limit  cu / depth  : 4 / off / on
x265 [info]: AQ: mode / str / qg-size / cu-tree  : 2 / 1.0 / 32 / 1
x265 [info]: Rate Control / qCompress            : CRF-24.0 / 0.60
x265 [info]: tools: rd=3 psy-rd=2.00 early-skip rskip mode=1 signhide tmvp
x265 [info]: tools: b-intra strong-intra-smoothing deblock sao
Output #0, matroska, to '/Users/adpena/projects/pact/submissions/robust_current/archive/0/base_002.mkv':
  Metadata:
    SEGMENT         : b0c9d2329ad1606b|2018-07-27--06-03-57/10/video.hevc
    encoder         : Lavf62.12.100
  Stream #0:0: Video: hevc, yuv420p(tv, progressive), 432x324, q=2-31, 20 fps, 1k tbn
    Metadata:
      encoder         : Lavc62.28.100 libx265
    Side data:
      CPB properties: bitrate max/min/avg: 0/0/0 buffer size: 0 vbv_delay: N/A
x265 [info]: HEVC encoder version 4.1+1-1d117be
x265 [info]: build info [Mac OS X][clang 17.0.0][64 bit] 8bit+10bit+12bit
x265 [info]: using cpu capabilities: NEON Neon_DotProd Neon_I8MM
x265 [info]: Main profile, Level-2 (Main tier)
x265 [info]: Thread pool created using 18 threads
x265 [info]: Slices                              : 1
x265 [info]: frame threads / pool features       : 4 / wpp(4 rows)
x265 [warning]: Source height < 720p; disabling lookahead-slices
x265 [info]: Coding QT: max CU size, min CU size : 64 / 8
x265 [info]: Residual QT: max TU size, max depth : 32 / 1 inter / 1 intra
x265 [info]: ME / range / subpel / merge         : hex / 57 / 2 / 3
x265 [info]: Lookahead / bframes / badapt        : 20 / 4 / 2
x265 [info]: b-pyramid / weightp / weightb       : 1 / 1 / 0
x265 [info]: References / ref-limit  cu / depth  : 4 / off / on
x265 [info]: AQ: mode / str / qg-size / cu-tree  : 2 / 1.0 / 32 / 1
x265 [info]: Rate Control / qCompress            : CRF-22.0 / 0.60
x265 [info]: tools: rd=3 psy-rd=2.00 early-skip rskip mode=1 signhide tmvp
x265 [info]: tools: b-intra strong-intra-smoothing deblock sao
Output #1, matroska, to '/Users/adpena/projects/pact/submissions/robust_current/archive/0/roi_002.mkv':
  Metadata:
    SEGMENT         : b0c9d2329ad1606b|2018-07-27--06-03-57/10/video.hevc
    encoder         : Lavf62.12.100
  Stream #1:0: Video: hevc, yuv420p(tv, progressive), 320x220, q=2-31, 20 fps, 1k tbn
    Metadata:
      encoder         : Lavc62.28.100 libx265
    Side data:
      CPB properties: bitrate max/min/avg: 0/0/0 buffer size: 0 vbv_delay: N/A
frame=    2 fps=2.0 q=25.0 q=26.9 size=       3KiB time=00:00:00.00 bitrate=N/A speed=   0x elapsed=0:00:01.00    frame=   49 fps= 32 q=28.1 q=25.1 size=      39KiB time=00:00:02.35 bitrate= 136.1kbits/s speed=1.56x elapsed=0:00:01.50    frame=  104 fps= 52 q=28.1 q=26.5 size=      92KiB time=00:00:05.10 bitrate= 147.6kbits/s speed=2.53x elapsed=0:00:02.01    frame=  171 fps= 68 q=24.8 q=26.8 size=     138KiB time=00:00:08.45 bitrate= 133.4kbits/s speed=3.36x elapsed=0:00:02.51    [out#0/matroska @ 0x77540c300] video:188KiB audio:0KiB subtitle:0KiB other streams:0KiB global headers:2KiB muxing overhead: 2.401842%
[out#1/matroska @ 0x77540c3c0] video:159KiB audio:0KiB subtitle:0KiB other streams:0KiB global headers:2KiB muxing overhead: 2.836111%
frame=  200 fps= 74 q=28.1 Lq=26.9 size=     193KiB time=00:00:09.90 bitrate= 159.6kbits/s speed=3.65x elapsed=0:00:02.71    
x265 [info]: frame I:      5, Avg QP:23.96  kb/s: 673.25  
x265 [info]: frame P:     39, Avg QP:24.87  kb/s: 321.44  
x265 [info]: frame B:    156, Avg QP:27.84  kb/s: 95.04   
x265 [info]: Weighted P-Frames: Y:12.8% UV:7.7%

encoded 200 frames in 1.92s (104.44 fps), 153.64 kb/s, Avg QP:27.16
x265 [info]: frame I:      5, Avg QP:21.63  kb/s: 506.78  
x265 [info]: frame P:     44, Avg QP:22.59  kb/s: 265.88  
x265 [info]: frame B:    151, Avg QP:25.83  kb/s: 77.92   
x265 [info]: Weighted P-Frames: Y:2.3% UV:2.3%

encoded 200 frames in 1.91s (104.78 fps), 129.99 kb/s, Avg QP:25.02
Encoding dynamic ROI window 003 /Users/adpena/projects/pact/workspace/upstream/comma_video_compression_challenge/videos/0.mkv -> /Users/adpena/projects/pact/submissions/robust_current/archive/0/base_003.mkv + /Users/adpena/projects/pact/submissions/robust_current/archive/0/roi_003.mkv
ffmpeg version 8.1 Copyright (c) 2000-2026 the FFmpeg developers
  built with Apple clang version 17.0.0 (clang-1700.6.4.2)
  configuration: --prefix=/opt/homebrew/Cellar/ffmpeg/8.1 --enable-shared --enable-pthreads --enable-version3 --cc=clang --host-cflags= --host-ldflags= --enable-ffplay --enable-gpl --enable-libsvtav1 --enable-libopus --enable-libx264 --enable-libmp3lame --enable-libdav1d --enable-libvpx --enable-libx265 --enable-openssl --enable-videotoolbox --enable-audiotoolbox --enable-neon
  libavutil      60. 26.100 / 60. 26.100
  libavcodec     62. 28.100 / 62. 28.100
  libavformat    62. 12.100 / 62. 12.100
  libavdevice    62.  3.100 / 62.  3.100
  libavfilter    11. 14.100 / 11. 14.100
  libswscale      9.  5.100 /  9.  5.100
  libswresample   6.  3.100 /  6.  3.100
Input #0, matroska,webm, from '/Users/adpena/projects/pact/workspace/upstream/comma_video_compression_challenge/videos/0.mkv':
  Metadata:
    SEGMENT         : b0c9d2329ad1606b|2018-07-27--06-03-57/10/video.hevc
    ENCODER         : Lavf60.16.100
  Duration: 00:01:00.00, start: 0.000000, bitrate: 5006 kb/s
  Stream #0:0: Video: hevc (Main), yuv420p(tv), 1164x874, 20 fps, 20 tbr, 1k tbn
    Metadata:
      DURATION        : 00:01:00.000000000
Stream mapping:
  Stream #0:0 (hevc) -> trim:default
  split -> Stream #0:0 (libx265)
  crop:default -> Stream #1:0 (libx265)
Press [q] to stop, [?] for help
x265 [info]: HEVC encoder version 4.1+1-1d117be
x265 [info]: build info [Mac OS X][clang 17.0.0][64 bit] 8bit+10bit+12bit
x265 [info]: using cpu capabilities: NEON Neon_DotProd Neon_I8MM
x265 [info]: Main profile, Level-2.1 (Main tier)
x265 [info]: Thread pool created using 18 threads
x265 [info]: Slices                              : 1
x265 [info]: frame threads / pool features       : 4 / wpp(6 rows)
x265 [warning]: Source height < 720p; disabling lookahead-slices
x265 [info]: Coding QT: max CU size, min CU size : 64 / 8
x265 [info]: Residual QT: max TU size, max depth : 32 / 1 inter / 1 intra
x265 [info]: ME / range / subpel / merge         : hex / 57 / 2 / 3
x265 [info]: Lookahead / bframes / badapt        : 20 / 4 / 2
x265 [info]: b-pyramid / weightp / weightb       : 1 / 1 / 0
x265 [info]: References / ref-limit  cu / depth  : 4 / off / on
x265 [info]: AQ: mode / str / qg-size / cu-tree  : 2 / 1.0 / 32 / 1
x265 [info]: Rate Control / qCompress            : CRF-24.0 / 0.60
x265 [info]: tools: rd=3 psy-rd=2.00 early-skip rskip mode=1 signhide tmvp
x265 [info]: tools: b-intra strong-intra-smoothing deblock sao
Output #0, matroska, to '/Users/adpena/projects/pact/submissions/robust_current/archive/0/base_003.mkv':
  Metadata:
    SEGMENT         : b0c9d2329ad1606b|2018-07-27--06-03-57/10/video.hevc
    encoder         : Lavf62.12.100
  Stream #0:0: Video: hevc, yuv420p(tv, progressive), 432x324, q=2-31, 20 fps, 1k tbn
    Metadata:
      encoder         : Lavc62.28.100 libx265
    Side data:
      CPB properties: bitrate max/min/avg: 0/0/0 buffer size: 0 vbv_delay: N/A
x265 [info]: HEVC encoder version 4.1+1-1d117be
x265 [info]: build info [Mac OS X][clang 17.0.0][64 bit] 8bit+10bit+12bit
x265 [info]: using cpu capabilities: NEON Neon_DotProd Neon_I8MM
x265 [info]: Main profile, Level-2 (Main tier)
x265 [info]: Thread pool created using 18 threads
x265 [info]: Slices                              : 1
x265 [info]: frame threads / pool features       : 4 / wpp(4 rows)
x265 [warning]: Source height < 720p; disabling lookahead-slices
x265 [info]: Coding QT: max CU size, min CU size : 64 / 8
x265 [info]: Residual QT: max TU size, max depth : 32 / 1 inter / 1 intra
x265 [info]: ME / range / subpel / merge         : hex / 57 / 2 / 3
x265 [info]: Lookahead / bframes / badapt        : 20 / 4 / 2
x265 [info]: b-pyramid / weightp / weightb       : 1 / 1 / 0
x265 [info]: References / ref-limit  cu / depth  : 4 / off / on
x265 [info]: AQ: mode / str / qg-size / cu-tree  : 2 / 1.0 / 32 / 1
x265 [info]: Rate Control / qCompress            : CRF-22.0 / 0.60
x265 [info]: tools: rd=3 psy-rd=2.00 early-skip rskip mode=1 signhide tmvp
x265 [info]: tools: b-intra strong-intra-smoothing deblock sao
Output #1, matroska, to '/Users/adpena/projects/pact/submissions/robust_current/archive/0/roi_003.mkv':
  Metadata:
    SEGMENT         : b0c9d2329ad1606b|2018-07-27--06-03-57/10/video.hevc
    encoder         : Lavf62.12.100
  Stream #1:0: Video: hevc, yuv420p(tv, progressive), 320x220, q=2-31, 20 fps, 1k tbn
    Metadata:
      encoder         : Lavc62.28.100 libx265
    Side data:
      CPB properties: bitrate max/min/avg: 0/0/0 buffer size: 0 vbv_delay: N/A
frame=   18 fps= 12 q=28.6 q=27.2 size=       3KiB time=00:00:00.80 bitrate=  30.5kbits/s speed=0.528x elapsed=0:00:01.51    frame=   77 fps= 38 q=28.5 q=26.1 size=      50KiB time=00:00:03.70 bitrate= 109.8kbits/s speed=1.83x elapsed=0:00:02.01    frame=  141 fps= 56 q=23.6 q=27.0 size=      92KiB time=00:00:06.95 bitrate= 108.2kbits/s speed=2.75x elapsed=0:00:02.52    [out#0/matroska @ 0x8c501c300] video:186KiB audio:0KiB subtitle:0KiB other streams:0KiB global headers:2KiB muxing overhead: 2.428118%
[out#1/matroska @ 0x8c501c3c0] video:173KiB audio:0KiB subtitle:0KiB other streams:0KiB global headers:2KiB muxing overhead: 2.611574%
frame=  200 fps= 66 q=28.5 Lq=26.9 size=     191KiB time=00:00:09.90 bitrate= 157.9kbits/s speed=3.27x elapsed=0:00:03.02    
x265 [info]: frame I:      5, Avg QP:23.94  kb/s: 769.70  
x265 [info]: frame P:     38, Avg QP:24.85  kb/s: 327.51  
x265 [info]: frame B:    157, Avg QP:27.90  kb/s: 89.81   
x265 [info]: Weighted P-Frames: Y:0.0% UV:0.0%

encoded 200 frames in 1.82s (109.88 fps), 151.97 kb/s, Avg QP:27.22
x265 [info]: frame I:      5, Avg QP:21.61  kb/s: 632.13  
x265 [info]: frame P:     43, Avg QP:22.65  kb/s: 294.76  
x265 [info]: frame B:    152, Avg QP:25.95  kb/s: 81.64   
x265 [info]: Weighted P-Frames: Y:11.6% UV:7.0%

encoded 200 frames in 1.81s (110.38 fps), 141.22 kb/s, Avg QP:25.13
Encoding dynamic ROI window 004 /Users/adpena/projects/pact/workspace/upstream/comma_video_compression_challenge/videos/0.mkv -> /Users/adpena/projects/pact/submissions/robust_current/archive/0/base_004.mkv + /Users/adpena/projects/pact/submissions/robust_current/archive/0/roi_004.mkv
ffmpeg version 8.1 Copyright (c) 2000-2026 the FFmpeg developers
  built with Apple clang version 17.0.0 (clang-1700.6.4.2)
  configuration: --prefix=/opt/homebrew/Cellar/ffmpeg/8.1 --enable-shared --enable-pthreads --enable-version3 --cc=clang --host-cflags= --host-ldflags= --enable-ffplay --enable-gpl --enable-libsvtav1 --enable-libopus --enable-libx264 --enable-libmp3lame --enable-libdav1d --enable-libvpx --enable-libx265 --enable-openssl --enable-videotoolbox --enable-audiotoolbox --enable-neon
  libavutil      60. 26.100 / 60. 26.100
  libavcodec     62. 28.100 / 62. 28.100
  libavformat    62. 12.100 / 62. 12.100
  libavdevice    62.  3.100 / 62.  3.100
  libavfilter    11. 14.100 / 11. 14.100
  libswscale      9.  5.100 /  9.  5.100
  libswresample   6.  3.100 /  6.  3.100
Input #0, matroska,webm, from '/Users/adpena/projects/pact/workspace/upstream/comma_video_compression_challenge/videos/0.mkv':
  Metadata:
    SEGMENT         : b0c9d2329ad1606b|2018-07-27--06-03-57/10/video.hevc
    ENCODER         : Lavf60.16.100
  Duration: 00:01:00.00, start: 0.000000, bitrate: 5006 kb/s
  Stream #0:0: Video: hevc (Main), yuv420p(tv), 1164x874, 20 fps, 20 tbr, 1k tbn
    Metadata:
      DURATION        : 00:01:00.000000000
Stream mapping:
  Stream #0:0 (hevc) -> trim:default
  split -> Stream #0:0 (libx265)
  crop:default -> Stream #1:0 (libx265)
Press [q] to stop, [?] for help
x265 [info]: HEVC encoder version 4.1+1-1d117be
x265 [info]: build info [Mac OS X][clang 17.0.0][64 bit] 8bit+10bit+12bit
x265 [info]: using cpu capabilities: NEON Neon_DotProd Neon_I8MM
x265 [info]: Main profile, Level-2.1 (Main tier)
x265 [info]: Thread pool created using 18 threads
x265 [info]: Slices                              : 1
x265 [info]: frame threads / pool features       : 4 / wpp(6 rows)
x265 [warning]: Source height < 720p; disabling lookahead-slices
x265 [info]: Coding QT: max CU size, min CU size : 64 / 8
x265 [info]: Residual QT: max TU size, max depth : 32 / 1 inter / 1 intra
x265 [info]: ME / range / subpel / merge         : hex / 57 / 2 / 3
x265 [info]: Lookahead / bframes / badapt        : 20 / 4 / 2
x265 [info]: b-pyramid / weightp / weightb       : 1 / 1 / 0
x265 [info]: References / ref-limit  cu / depth  : 4 / off / on
x265 [info]: AQ: mode / str / qg-size / cu-tree  : 2 / 1.0 / 32 / 1
x265 [info]: Rate Control / qCompress            : CRF-24.0 / 0.60
x265 [info]: tools: rd=3 psy-rd=2.00 early-skip rskip mode=1 signhide tmvp
x265 [info]: tools: b-intra strong-intra-smoothing deblock sao
Output #0, matroska, to '/Users/adpena/projects/pact/submissions/robust_current/archive/0/base_004.mkv':
  Metadata:
    SEGMENT         : b0c9d2329ad1606b|2018-07-27--06-03-57/10/video.hevc
    encoder         : Lavf62.12.100
  Stream #0:0: Video: hevc, yuv420p(tv, progressive), 432x324, q=2-31, 20 fps, 1k tbn
    Metadata:
      encoder         : Lavc62.28.100 libx265
    Side data:
      CPB properties: bitrate max/min/avg: 0/0/0 buffer size: 0 vbv_delay: N/A
x265 [info]: HEVC encoder version 4.1+1-1d117be
x265 [info]: build info [Mac OS X][clang 17.0.0][64 bit] 8bit+10bit+12bit
x265 [info]: using cpu capabilities: NEON Neon_DotProd Neon_I8MM
x265 [info]: Main profile, Level-2 (Main tier)
x265 [info]: Thread pool created using 18 threads
x265 [info]: Slices                              : 1
x265 [info]: frame threads / pool features       : 4 / wpp(4 rows)
x265 [warning]: Source height < 720p; disabling lookahead-slices
x265 [info]: Coding QT: max CU size, min CU size : 64 / 8
x265 [info]: Residual QT: max TU size, max depth : 32 / 1 inter / 1 intra
x265 [info]: ME / range / subpel / merge         : hex / 57 / 2 / 3
x265 [info]: Lookahead / bframes / badapt        : 20 / 4 / 2
x265 [info]: b-pyramid / weightp / weightb       : 1 / 1 / 0
x265 [info]: References / ref-limit  cu / depth  : 4 / off / on
x265 [info]: AQ: mode / str / qg-size / cu-tree  : 2 / 1.0 / 32 / 1
x265 [info]: Rate Control / qCompress            : CRF-22.0 / 0.60
x265 [info]: tools: rd=3 psy-rd=2.00 early-skip rskip mode=1 signhide tmvp
x265 [info]: tools: b-intra strong-intra-smoothing deblock sao
Output #1, matroska, to '/Users/adpena/projects/pact/submissions/robust_current/archive/0/roi_004.mkv':
  Metadata:
    SEGMENT         : b0c9d2329ad1606b|2018-07-27--06-03-57/10/video.hevc
    encoder         : Lavf62.12.100
  Stream #1:0: Video: hevc, yuv420p(tv, progressive), 320x220, q=2-31, 20 fps, 1k tbn
    Metadata:
      encoder         : Lavc62.28.100 libx265
    Side data:
      CPB properties: bitrate max/min/avg: 0/0/0 buffer size: 0 vbv_delay: N/A
frame=   44 fps= 22 q=28.5 q=21.1 size=       3KiB time=00:00:02.10 bitrate=  11.6kbits/s speed=1.04x elapsed=0:00:02.01    frame=   94 fps= 37 q=23.6 q=26.9 size=      56KiB time=00:00:04.60 bitrate=  99.2kbits/s speed=1.83x elapsed=0:00:02.51    frame=  150 fps= 50 q=29.1 q=27.1 size=     179KiB time=00:00:07.40 bitrate= 198.0kbits/s speed=2.45x elapsed=0:00:03.01    [out#0/matroska @ 0xcb5010300] video:241KiB audio:0KiB subtitle:0KiB other streams:0KiB global headers:2KiB muxing overhead: 1.873855%
[out#1/matroska @ 0xcb50103c0] video:237KiB audio:0KiB subtitle:0KiB other streams:0KiB global headers:2KiB muxing overhead: 1.911283%
frame=  200 fps= 58 q=28.4 Lq=26.4 size=     246KiB time=00:00:09.90 bitrate= 203.5kbits/s speed=2.88x elapsed=0:00:03.43    
x265 [info]: frame I:      5, Avg QP:23.88  kb/s: 871.46  
x265 [info]: frame P:     41, Avg QP:24.81  kb/s: 422.67  
x265 [info]: frame B:    154, Avg QP:27.87  kb/s: 115.17  
x265 [info]: Weighted P-Frames: Y:2.4% UV:2.4%

encoded 200 frames in 1.93s (103.57 fps), 197.11 kb/s, Avg QP:27.14
x265 [info]: frame I:      5, Avg QP:21.45  kb/s: 743.04  
x265 [info]: frame P:     45, Avg QP:22.58  kb/s: 406.78  
x265 [info]: frame B:    150, Avg QP:26.05  kb/s: 110.80  
x265 [info]: Weighted P-Frames: Y:6.7% UV:2.2%

encoded 200 frames in 1.92s (104.01 fps), 193.20 kb/s, Avg QP:25.16
Encoding dynamic ROI window 005 /Users/adpena/projects/pact/workspace/upstream/comma_video_compression_challenge/videos/0.mkv -> /Users/adpena/projects/pact/submissions/robust_current/archive/0/base_005.mkv + /Users/adpena/projects/pact/submissions/robust_current/archive/0/roi_005.mkv
ffmpeg version 8.1 Copyright (c) 2000-2026 the FFmpeg developers
  built with Apple clang version 17.0.0 (clang-1700.6.4.2)
  configuration: --prefix=/opt/homebrew/Cellar/ffmpeg/8.1 --enable-shared --enable-pthreads --enable-version3 --cc=clang --host-cflags= --host-ldflags= --enable-ffplay --enable-gpl --enable-libsvtav1 --enable-libopus --enable-libx264 --enable-libmp3lame --enable-libdav1d --enable-libvpx --enable-libx265 --enable-openssl --enable-videotoolbox --enable-audiotoolbox --enable-neon
  libavutil      60. 26.100 / 60. 26.100
  libavcodec     62. 28.100 / 62. 28.100
  libavformat    62. 12.100 / 62. 12.100
  libavdevice    62.  3.100 / 62.  3.100
  libavfilter    11. 14.100 / 11. 14.100
  libswscale      9.  5.100 /  9.  5.100
  libswresample   6.  3.100 /  6.  3.100
Input #0, matroska,webm, from '/Users/adpena/projects/pact/workspace/upstream/comma_video_compression_challenge/videos/0.mkv':
  Metadata:
    SEGMENT         : b0c9d2329ad1606b|2018-07-27--06-03-57/10/video.hevc
    ENCODER         : Lavf60.16.100
  Duration: 00:01:00.00, start: 0.000000, bitrate: 5006 kb/s
  Stream #0:0: Video: hevc (Main), yuv420p(tv), 1164x874, 20 fps, 20 tbr, 1k tbn
    Metadata:
      DURATION        : 00:01:00.000000000
Stream mapping:
  Stream #0:0 (hevc) -> trim:default
  split -> Stream #0:0 (libx265)
  crop:default -> Stream #1:0 (libx265)
Press [q] to stop, [?] for help
x265 [info]: HEVC encoder version 4.1+1-1d117be
x265 [info]: build info [Mac OS X][clang 17.0.0][64 bit] 8bit+10bit+12bit
x265 [info]: using cpu capabilities: NEON Neon_DotProd Neon_I8MM
x265 [info]: Main profile, Level-2.1 (Main tier)
x265 [info]: Thread pool created using 18 threads
x265 [info]: Slices                              : 1
x265 [info]: frame threads / pool features       : 4 / wpp(6 rows)
x265 [warning]: Source height < 720p; disabling lookahead-slices
x265 [info]: Coding QT: max CU size, min CU size : 64 / 8
x265 [info]: Residual QT: max TU size, max depth : 32 / 1 inter / 1 intra
x265 [info]: ME / range / subpel / merge         : hex / 57 / 2 / 3
x265 [info]: Lookahead / bframes / badapt        : 20 / 4 / 2
x265 [info]: b-pyramid / weightp / weightb       : 1 / 1 / 0
x265 [info]: References / ref-limit  cu / depth  : 4 / off / on
x265 [info]: AQ: mode / str / qg-size / cu-tree  : 2 / 1.0 / 32 / 1
x265 [info]: Rate Control / qCompress            : CRF-24.0 / 0.60
x265 [info]: tools: rd=3 psy-rd=2.00 early-skip rskip mode=1 signhide tmvp
x265 [info]: tools: b-intra strong-intra-smoothing deblock sao
Output #0, matroska, to '/Users/adpena/projects/pact/submissions/robust_current/archive/0/base_005.mkv':
  Metadata:
    SEGMENT         : b0c9d2329ad1606b|2018-07-27--06-03-57/10/video.hevc
    encoder         : Lavf62.12.100
  Stream #0:0: Video: hevc, yuv420p(tv, progressive), 432x324, q=2-31, 20 fps, 1k tbn
    Metadata:
      encoder         : Lavc62.28.100 libx265
    Side data:
      CPB properties: bitrate max/min/avg: 0/0/0 buffer size: 0 vbv_delay: N/A
x265 [info]: HEVC encoder version 4.1+1-1d117be
x265 [info]: build info [Mac OS X][clang 17.0.0][64 bit] 8bit+10bit+12bit
x265 [info]: using cpu capabilities: NEON Neon_DotProd Neon_I8MM
x265 [info]: Main profile, Level-2 (Main tier)
x265 [info]: Thread pool created using 18 threads
x265 [info]: Slices                              : 1
x265 [info]: frame threads / pool features       : 4 / wpp(4 rows)
x265 [warning]: Source height < 720p; disabling lookahead-slices
x265 [info]: Coding QT: max CU size, min CU size : 64 / 8
x265 [info]: Residual QT: max TU size, max depth : 32 / 1 inter / 1 intra
x265 [info]: ME / range / subpel / merge         : hex / 57 / 2 / 3
x265 [info]: Lookahead / bframes / badapt        : 20 / 4 / 2
x265 [info]: b-pyramid / weightp / weightb       : 1 / 1 / 0
x265 [info]: References / ref-limit  cu / depth  : 4 / off / on
x265 [info]: AQ: mode / str / qg-size / cu-tree  : 2 / 1.0 / 32 / 1
x265 [info]: Rate Control / qCompress            : CRF-22.0 / 0.60
x265 [info]: tools: rd=3 psy-rd=2.00 early-skip rskip mode=1 signhide tmvp
x265 [info]: tools: b-intra strong-intra-smoothing deblock sao
Output #1, matroska, to '/Users/adpena/projects/pact/submissions/robust_current/archive/0/roi_005.mkv':
  Metadata:
    SEGMENT         : b0c9d2329ad1606b|2018-07-27--06-03-57/10/video.hevc
    encoder         : Lavf62.12.100
  Stream #1:0: Video: hevc, yuv420p(tv, progressive), 320x220, q=2-31, 20 fps, 1k tbn
    Metadata:
      encoder         : Lavc62.28.100 libx265
    Side data:
      CPB properties: bitrate max/min/avg: 0/0/0 buffer size: 0 vbv_delay: N/A
frame=    0 fps=0.0 q=0.0 q=0.0 size=       0KiB time=N/A bitrate=N/A speed=N/A elapsed=0:00:02.02    frame=   41 fps= 16 q=28.3 q=26.2 size=       3KiB time=00:00:01.95 bitrate=  12.5kbits/s speed=0.772x elapsed=0:00:02.52    frame=   92 fps= 30 q=28.9 q=24.5 size=      67KiB time=00:00:04.50 bitrate= 122.9kbits/s speed=1.48x elapsed=0:00:03.03    frame=  137 fps= 39 q=26.9 q=26.9 size=     123KiB time=00:00:06.75 bitrate= 149.8kbits/s speed=1.91x elapsed=0:00:03.53    [out#0/matroska @ 0xbb9404300] video:266KiB audio:0KiB subtitle:0KiB other streams:0KiB global headers:2KiB muxing overhead: 1.700608%
[out#1/matroska @ 0xbb94043c0] video:237KiB audio:0KiB subtitle:0KiB other streams:0KiB global headers:2KiB muxing overhead: 1.907280%
frame=  200 fps= 49 q=28.5 Lq=26.4 size=     271KiB time=00:00:09.90 bitrate= 223.9kbits/s speed=2.43x elapsed=0:00:04.07    
x265 [info]: frame I:      5, Avg QP:23.87  kb/s: 841.54  
x265 [info]: frame P:     41, Avg QP:24.87  kb/s: 451.52  
x265 [info]: frame B:    154, Avg QP:27.83  kb/s: 134.68  
x265 [info]: Weighted P-Frames: Y:4.9% UV:4.9%

encoded 200 frames in 2.10s (95.36 fps), 217.31 kb/s, Avg QP:27.13
x265 [info]: frame I:      5, Avg QP:21.59  kb/s: 675.81  
x265 [info]: frame P:     44, Avg QP:22.56  kb/s: 400.06  
x265 [info]: frame B:    151, Avg QP:25.92  kb/s: 117.53  
x265 [info]: Weighted P-Frames: Y:9.1% UV:6.8%

encoded 200 frames in 2.09s (95.84 fps), 193.65 kb/s, Avg QP:25.08
  adding: 0/ (stored 0%)
  adding: 0/roi_002.mkv (deflated 1%)
  adding: 0/roi_003.mkv (deflated 1%)
  adding: 0/roi_001.mkv (deflated 0%)
  adding: 0/roi_000.mkv (deflated 1%)
  adding: 0/roi_004.mkv (deflated 0%)
  adding: 0/roi_005.mkv (deflated 0%)
  adding: 0/base_002.mkv (deflated 1%)
  adding: 0/base_003.mkv (deflated 1%)
  adding: 0/base_001.mkv (deflated 0%)
  adding: 0/base_000.mkv (deflated 1%)
  adding: 0/base_004.mkv (deflated 0%)
  adding: 0/base_005.mkv (deflated 0%)
  adding: 0/roi_metadata.json (deflated 76%)

Wrote /Users/adpena/projects/pact/submissions/robust_current/archive.zip
Archive:  /Users/adpena/Projects/pact/workspace/upstream/comma_video_compression_challenge/submissions/robust_current/archive.zip
   creating: /Users/adpena/Projects/pact/workspace/upstream/comma_video_compression_challenge/submissions/robust_current/archive/0
  inflating: /Users/adpena/Projects/pact/workspace/upstream/comma_video_compression_challenge/submissions/robust_current/archive/0/roi_002.mkv  
  inflating: /Users/adpena/Projects/pact/workspace/upstream/comma_video_compression_challenge/submissions/robust_current/archive/0/roi_003.mkv  
  inflating: /Users/adpena/Projects/pact/workspace/upstream/comma_video_compression_challenge/submissions/robust_current/archive/0/roi_001.mkv  
  inflating: /Users/adpena/Projects/pact/workspace/upstream/comma_video_compression_challenge/submissions/robust_current/archive/0/roi_000.mkv  
  inflating: /Users/adpena/Projects/pact/workspace/upstream/comma_video_compression_challenge/submissions/robust_current/archive/0/roi_004.mkv  
  inflating: /Users/adpena/Projects/pact/workspace/upstream/comma_video_compression_challenge/submissions/robust_current/archive/0/roi_005.mkv  
  inflating: /Users/adpena/Projects/pact/workspace/upstream/comma_video_compression_challenge/submissions/robust_current/archive/0/base_002.mkv  
  inflating: /Users/adpena/Projects/pact/workspace/upstream/comma_video_compression_challenge/submissions/robust_current/archive/0/base_003.mkv  
  inflating: /Users/adpena/Projects/pact/workspace/upstream/comma_video_compression_challenge/submissions/robust_current/archive/0/base_001.mkv  
  inflating: /Users/adpena/Projects/pact/workspace/upstream/comma_video_compression_challenge/submissions/robust_current/archive/0/base_000.mkv  
  inflating: /Users/adpena/Projects/pact/workspace/upstream/comma_video_compression_challenge/submissions/robust_current/archive/0/base_004.mkv  
  inflating: /Users/adpena/Projects/pact/workspace/upstream/comma_video_compression_challenge/submissions/robust_current/archive/0/base_005.mkv  
  inflating: /Users/adpena/Projects/pact/workspace/upstream/comma_video_compression_challenge/submissions/robust_current/archive/0/roi_metadata.json  
warning: `VIRTUAL_ENV=workspace/upstream/comma_video_compression_challenge/.venv` does not match the project environment path `.venv` and will be ignored; use `--active` to target the active environment instead
Inflating dynamic ROI window 000 /Users/adpena/Projects/pact/workspace/upstream/comma_video_compression_challenge/submissions/robust_current/archive/0/base_000.mkv + /Users/adpena/Projects/pact/workspace/upstream/comma_video_compression_challenge/submissions/robust_current/archive/0/roi_000.mkv -> /Users/adpena/Projects/pact/workspace/upstream/comma_video_compression_challenge/submissions/robust_current/archive/0/inflate_tmp/part_000.raw
ffmpeg version 8.1 Copyright (c) 2000-2026 the FFmpeg developers
  built with Apple clang version 17.0.0 (clang-1700.6.4.2)
  configuration: --prefix=/opt/homebrew/Cellar/ffmpeg/8.1 --enable-shared --enable-pthreads --enable-version3 --cc=clang --host-cflags= --host-ldflags= --enable-ffplay --enable-gpl --enable-libsvtav1 --enable-libopus --enable-libx264 --enable-libmp3lame --enable-libdav1d --enable-libvpx --enable-libx265 --enable-openssl --enable-videotoolbox --enable-audiotoolbox --enable-neon
  libavutil      60. 26.100 / 60. 26.100
  libavcodec     62. 28.100 / 62. 28.100
  libavformat    62. 12.100 / 62. 12.100
  libavdevice    62.  3.100 / 62.  3.100
  libavfilter    11. 14.100 / 11. 14.100
  libswscale      9.  5.100 /  9.  5.100
  libswresample   6.  3.100 /  6.  3.100
Input #0, matroska,webm, from '/Users/adpena/Projects/pact/workspace/upstream/comma_video_compression_challenge/submissions/robust_current/archive/0/base_000.mkv':
  Metadata:
    SEGMENT         : b0c9d2329ad1606b|2018-07-27--06-03-57/10/video.hevc
    ENCODER         : Lavf62.12.100
  Duration: 00:00:10.00, start: 0.000000, bitrate: 181 kb/s
  Stream #0:0: Video: hevc (Main), yuv420p(tv, progressive), 432x324, 20 fps, 20 tbr, 1k tbn
    Metadata:
      ENCODER         : Lavc62.28.100 libx265
      DURATION        : 00:00:10.000000000
Input #1, matroska,webm, from '/Users/adpena/Projects/pact/workspace/upstream/comma_video_compression_challenge/submissions/robust_current/archive/0/roi_000.mkv':
  Metadata:
    SEGMENT         : b0c9d2329ad1606b|2018-07-27--06-03-57/10/video.hevc
    ENCODER         : Lavf62.12.100
  Duration: 00:00:10.00, start: 0.000000, bitrate: 172 kb/s
  Stream #1:0: Video: hevc (Main), yuv420p(tv, progressive), 320x220, 20 fps, 20 tbr, 1k tbn
    Metadata:
      ENCODER         : Lavc62.28.100 libx265
      DURATION        : 00:00:10.000000000
Stream mapping:
  Stream #0:0 (hevc) -> scale:default
  Stream #1:0 (hevc) -> scale:default
  format:default -> Stream #0:0 (rawvideo)
Press [q] to stop, [?] for help
[swscaler @ 0x792bac000] No accelerated colorspace conversion found from yuva420p to rgb24.
[swscaler @ 0x792bac000] [swscaler @ 0x792bbc000] No accelerated colorspace conversion found from yuva420p to rgb24.
[swscaler @ 0x792bac000] [swscaler @ 0x792bcc000] No accelerated colorspace conversion found from yuva420p to rgb24.
[swscaler @ 0x792bac000] [swscaler @ 0x792bdc000] No accelerated colorspace conversion found from yuva420p to rgb24.
[swscaler @ 0x792bac000] [swscaler @ 0x792bec000] No accelerated colorspace conversion found from yuva420p to rgb24.
[swscaler @ 0x792bac000] [swscaler @ 0x7935f8000] No accelerated colorspace conversion found from yuva420p to rgb24.
[swscaler @ 0x792bac000] [swscaler @ 0x793608000] No accelerated colorspace conversion found from yuva420p to rgb24.
[swscaler @ 0x792bac000] [swscaler @ 0x793618000] No accelerated colorspace conversion found from yuva420p to rgb24.
[swscaler @ 0x792bac000] [swscaler @ 0x793628000] No accelerated colorspace conversion found from yuva420p to rgb24.
[swscaler @ 0x792bac000] [swscaler @ 0x793638000] No accelerated colorspace conversion found from yuva420p to rgb24.
[swscaler @ 0x792bac000] [swscaler @ 0x793648000] No accelerated colorspace conversion found from yuva420p to rgb24.
[swscaler @ 0x792bac000] [swscaler @ 0x793658000] No accelerated colorspace conversion found from yuva420p to rgb24.
[swscaler @ 0x792bac000] [swscaler @ 0x793668000] No accelerated colorspace conversion found from yuva420p to rgb24.
[swscaler @ 0x792bac000] [swscaler @ 0x793678000] No accelerated colorspace conversion found from yuva420p to rgb24.
[swscaler @ 0x792bac000] [swscaler @ 0x793688000] No accelerated colorspace conversion found from yuva420p to rgb24.
[swscaler @ 0x792bac000] [swscaler @ 0x793698000] No accelerated colorspace conversion found from yuva420p to rgb24.
[swscaler @ 0x792bac000] [swscaler @ 0x7936a8000] No accelerated colorspace conversion found from yuva420p to rgb24.
Output #0, rawvideo, to '/Users/adpena/Projects/pact/workspace/upstream/comma_video_compression_challenge/submissions/robust_current/archive/0/inflate_tmp/part_000.raw':
  Metadata:
    SEGMENT         : b0c9d2329ad1606b|2018-07-27--06-03-57/10/video.hevc
    encoder         : Lavf62.12.100
  Stream #0:0: Video: rawvideo (RGB[24] / 0x18424752), rgb24(pc, gbr/unknown/unknown, progressive), 1164x874, q=2-31, 488321 kb/s, 20 fps, 20 tbn
    Metadata:
      encoder         : Lavc62.28.100 rawvideo
frame=   20 fps=0.0 q=-0.0 size=   56576KiB time=00:00:01.00 bitrate=463470.6kbits/s speed=1.98x elapsed=0:00:00.50    frame=   48 fps= 47 q=-0.0 size=  140032KiB time=00:00:02.40 bitrate=477975.9kbits/s speed=2.37x elapsed=0:00:01.01    frame=   73 fps= 48 q=-0.0 size=  214528KiB time=00:00:03.65 bitrate=481483.1kbits/s speed=2.41x elapsed=0:00:01.51    frame=   99 fps= 49 q=-0.0 size=  291840KiB time=00:00:04.95 bitrate=482980.5kbits/s speed=2.44x elapsed=0:00:02.02    frame=  124 fps= 49 q=-0.0 size=  366592KiB time=00:00:06.20 bitrate=484374.5kbits/s speed=2.45x elapsed=0:00:02.52    frame=  152 fps= 50 q=-0.0 size=  450048KiB time=00:00:07.60 bitrate=485104.4kbits/s speed= 2.5x elapsed=0:00:03.03    frame=  175 fps= 49 q=-0.0 size=  518400KiB time=00:00:08.75 bitrate=485340.9kbits/s speed=2.47x elapsed=0:00:03.54    [out#0/rawvideo @ 0x790c10b40] video:596095KiB audio:0KiB subtitle:0KiB other streams:0KiB global headers:0KiB muxing overhead: 0.000000%
frame=  200 fps= 51 q=-0.0 Lsize=  596095KiB time=00:00:10.00 bitrate=488321.3kbits/s speed=2.55x elapsed=0:00:03.92    
Inflating dynamic ROI window 001 /Users/adpena/Projects/pact/workspace/upstream/comma_video_compression_challenge/submissions/robust_current/archive/0/base_001.mkv + /Users/adpena/Projects/pact/workspace/upstream/comma_video_compression_challenge/submissions/robust_current/archive/0/roi_001.mkv -> /Users/adpena/Projects/pact/workspace/upstream/comma_video_compression_challenge/submissions/robust_current/archive/0/inflate_tmp/part_001.raw
ffmpeg version 8.1 Copyright (c) 2000-2026 the FFmpeg developers
  built with Apple clang version 17.0.0 (clang-1700.6.4.2)
  configuration: --prefix=/opt/homebrew/Cellar/ffmpeg/8.1 --enable-shared --enable-pthreads --enable-version3 --cc=clang --host-cflags= --host-ldflags= --enable-ffplay --enable-gpl --enable-libsvtav1 --enable-libopus --enable-libx264 --enable-libmp3lame --enable-libdav1d --enable-libvpx --enable-libx265 --enable-openssl --enable-videotoolbox --enable-audiotoolbox --enable-neon
  libavutil      60. 26.100 / 60. 26.100
  libavcodec     62. 28.100 / 62. 28.100
  libavformat    62. 12.100 / 62. 12.100
  libavdevice    62.  3.100 / 62.  3.100
  libavfilter    11. 14.100 / 11. 14.100
  libswscale      9.  5.100 /  9.  5.100
  libswresample   6.  3.100 /  6.  3.100
Input #0, matroska,webm, from '/Users/adpena/Projects/pact/workspace/upstream/comma_video_compression_challenge/submissions/robust_current/archive/0/base_001.mkv':
  Metadata:
    SEGMENT         : b0c9d2329ad1606b|2018-07-27--06-03-57/10/video.hevc
    ENCODER         : Lavf62.12.100
  Duration: 00:00:10.00, start: 0.000000, bitrate: 192 kb/s
  Stream #0:0: Video: hevc (Main), yuv420p(tv, progressive), 432x324, 20 fps, 20 tbr, 1k tbn
    Metadata:
      ENCODER         : Lavc62.28.100 libx265
      DURATION        : 00:00:10.000000000
Input #1, matroska,webm, from '/Users/adpena/Projects/pact/workspace/upstream/comma_video_compression_challenge/submissions/robust_current/archive/0/roi_001.mkv':
  Metadata:
    SEGMENT         : b0c9d2329ad1606b|2018-07-27--06-03-57/10/video.hevc
    ENCODER         : Lavf62.12.100
  Duration: 00:00:10.00, start: 0.000000, bitrate: 176 kb/s
  Stream #1:0: Video: hevc (Main), yuv420p(tv, progressive), 320x220, 20 fps, 20 tbr, 1k tbn
    Metadata:
      ENCODER         : Lavc62.28.100 libx265
      DURATION        : 00:00:10.000000000
Stream mapping:
  Stream #0:0 (hevc) -> scale:default
  Stream #1:0 (hevc) -> scale:default
  format:default -> Stream #0:0 (rawvideo)
Press [q] to stop, [?] for help
[swscaler @ 0x732fcc000] No accelerated colorspace conversion found from yuva420p to rgb24.
[swscaler @ 0x732fcc000] [swscaler @ 0x732fdc000] No accelerated colorspace conversion found from yuva420p to rgb24.
[swscaler @ 0x732fcc000] [swscaler @ 0x732fec000] No accelerated colorspace conversion found from yuva420p to rgb24.
[swscaler @ 0x732fcc000] [swscaler @ 0x733a78000] No accelerated colorspace conversion found from yuva420p to rgb24.
[swscaler @ 0x732fcc000] [swscaler @ 0x733a88000] No accelerated colorspace conversion found from yuva420p to rgb24.
[swscaler @ 0x732fcc000] [swscaler @ 0x733a98000] No accelerated colorspace conversion found from yuva420p to rgb24.
[swscaler @ 0x732fcc000] [swscaler @ 0x733aa8000] No accelerated colorspace conversion found from yuva420p to rgb24.
[swscaler @ 0x732fcc000] [swscaler @ 0x733ab8000] No accelerated colorspace conversion found from yuva420p to rgb24.
[swscaler @ 0x732fcc000] [swscaler @ 0x733ac8000] No accelerated colorspace conversion found from yuva420p to rgb24.
[swscaler @ 0x732fcc000] [swscaler @ 0x733ad8000] No accelerated colorspace conversion found from yuva420p to rgb24.
[swscaler @ 0x732fcc000] [swscaler @ 0x733ae8000] No accelerated colorspace conversion found from yuva420p to rgb24.
[swscaler @ 0x732fcc000] [swscaler @ 0x733af8000] No accelerated colorspace conversion found from yuva420p to rgb24.
[swscaler @ 0x732fcc000] [swscaler @ 0x733b08000] No accelerated colorspace conversion found from yuva420p to rgb24.
[swscaler @ 0x732fcc000] [swscaler @ 0x733b18000] No accelerated colorspace conversion found from yuva420p to rgb24.
[swscaler @ 0x732fcc000] [swscaler @ 0x733b28000] No accelerated colorspace conversion found from yuva420p to rgb24.
[swscaler @ 0x732fcc000] [swscaler @ 0x733b38000] No accelerated colorspace conversion found from yuva420p to rgb24.
[swscaler @ 0x732fcc000] [swscaler @ 0x733b48000] No accelerated colorspace conversion found from yuva420p to rgb24.
Output #0, rawvideo, to '/Users/adpena/Projects/pact/workspace/upstream/comma_video_compression_challenge/submissions/robust_current/archive/0/inflate_tmp/part_001.raw':
  Metadata:
    SEGMENT         : b0c9d2329ad1606b|2018-07-27--06-03-57/10/video.hevc
    encoder         : Lavf62.12.100
  Stream #0:0: Video: rawvideo (RGB[24] / 0x18424752), rgb24(pc, gbr/unknown/unknown, progressive), 1164x874, q=2-31, 488321 kb/s, 20 fps, 20 tbn
    Metadata:
      encoder         : Lavc62.28.100 rawvideo
frame=   19 fps=0.0 q=-0.0 size=   53504KiB time=00:00:00.95 bitrate=461373.4kbits/s speed=1.87x elapsed=0:00:00.50    frame=   46 fps= 45 q=-0.0 size=  133888KiB time=00:00:02.30 bitrate=476874.1kbits/s speed=2.27x elapsed=0:00:01.01    frame=   69 fps= 45 q=-0.0 size=  202496KiB time=00:00:03.45 bitrate=480825.3kbits/s speed=2.27x elapsed=0:00:01.51    frame=   93 fps= 46 q=-0.0 size=  274176KiB time=00:00:04.70 bitrate=477882.9kbits/s speed=2.33x elapsed=0:00:02.01    frame=  181 fps= 72 q=-0.0 size=  536320KiB time=00:00:09.05 bitrate=485473.3kbits/s speed=3.58x elapsed=0:00:02.52    [out#0/rawvideo @ 0x731008600] video:596095KiB audio:0KiB subtitle:0KiB other streams:0KiB global headers:0KiB muxing overhead: 0.000000%
frame=  200 fps= 72 q=-0.0 Lsize=  596095KiB time=00:00:10.00 bitrate=488321.3kbits/s speed=3.61x elapsed=0:00:02.77    
Inflating dynamic ROI window 002 /Users/adpena/Projects/pact/workspace/upstream/comma_video_compression_challenge/submissions/robust_current/archive/0/base_002.mkv + /Users/adpena/Projects/pact/workspace/upstream/comma_video_compression_challenge/submissions/robust_current/archive/0/roi_002.mkv -> /Users/adpena/Projects/pact/workspace/upstream/comma_video_compression_challenge/submissions/robust_current/archive/0/inflate_tmp/part_002.raw
ffmpeg version 8.1 Copyright (c) 2000-2026 the FFmpeg developers
  built with Apple clang version 17.0.0 (clang-1700.6.4.2)
  configuration: --prefix=/opt/homebrew/Cellar/ffmpeg/8.1 --enable-shared --enable-pthreads --enable-version3 --cc=clang --host-cflags= --host-ldflags= --enable-ffplay --enable-gpl --enable-libsvtav1 --enable-libopus --enable-libx264 --enable-libmp3lame --enable-libdav1d --enable-libvpx --enable-libx265 --enable-openssl --enable-videotoolbox --enable-audiotoolbox --enable-neon
  libavutil      60. 26.100 / 60. 26.100
  libavcodec     62. 28.100 / 62. 28.100
  libavformat    62. 12.100 / 62. 12.100
  libavdevice    62.  3.100 / 62.  3.100
  libavfilter    11. 14.100 / 11. 14.100
  libswscale      9.  5.100 /  9.  5.100
  libswresample   6.  3.100 /  6.  3.100
Input #0, matroska,webm, from '/Users/adpena/Projects/pact/workspace/upstream/comma_video_compression_challenge/submissions/robust_current/archive/0/base_002.mkv':
  Metadata:
    SEGMENT         : b0c9d2329ad1606b|2018-07-27--06-03-57/10/video.hevc
    ENCODER         : Lavf62.12.100
  Duration: 00:00:10.00, start: 0.000000, bitrate: 157 kb/s
  Stream #0:0: Video: hevc (Main), yuv420p(tv, progressive), 432x324, 20 fps, 20 tbr, 1k tbn
    Metadata:
      ENCODER         : Lavc62.28.100 libx265
      DURATION        : 00:00:10.000000000
Input #1, matroska,webm, from '/Users/adpena/Projects/pact/workspace/upstream/comma_video_compression_challenge/submissions/robust_current/archive/0/roi_002.mkv':
  Metadata:
    SEGMENT         : b0c9d2329ad1606b|2018-07-27--06-03-57/10/video.hevc
    ENCODER         : Lavf62.12.100
  Duration: 00:00:10.00, start: 0.000000, bitrate: 134 kb/s
  Stream #1:0: Video: hevc (Main), yuv420p(tv, progressive), 320x220, 20 fps, 20 tbr, 1k tbn
    Metadata:
      ENCODER         : Lavc62.28.100 libx265
      DURATION        : 00:00:10.000000000
Stream mapping:
  Stream #0:0 (hevc) -> scale:default
  Stream #1:0 (hevc) -> scale:default
  format:default -> Stream #0:0 (rawvideo)
Press [q] to stop, [?] for help
[swscaler @ 0xa70eb8000] No accelerated colorspace conversion found from yuva420p to rgb24.
[swscaler @ 0xa70eb8000] [swscaler @ 0xa70ec8000] No accelerated colorspace conversion found from yuva420p to rgb24.
[swscaler @ 0xa70eb8000] [swscaler @ 0xa70ed8000] No accelerated colorspace conversion found from yuva420p to rgb24.
[swscaler @ 0xa70eb8000] [swscaler @ 0xa70ee8000] No accelerated colorspace conversion found from yuva420p to rgb24.
[swscaler @ 0xa70eb8000] [swscaler @ 0xa70ef8000] No accelerated colorspace conversion found from yuva420p to rgb24.
[swscaler @ 0xa70eb8000] [swscaler @ 0xa70f08000] No accelerated colorspace conversion found from yuva420p to rgb24.
[swscaler @ 0xa70eb8000] [swscaler @ 0xa70f18000] No accelerated colorspace conversion found from yuva420p to rgb24.
[swscaler @ 0xa70eb8000] [swscaler @ 0xa70f28000] No accelerated colorspace conversion found from yuva420p to rgb24.
[swscaler @ 0xa70eb8000] [swscaler @ 0xa70f38000] No accelerated colorspace conversion found from yuva420p to rgb24.
[swscaler @ 0xa70eb8000] [swscaler @ 0xa70f48000] No accelerated colorspace conversion found from yuva420p to rgb24.
[swscaler @ 0xa70eb8000] [swscaler @ 0xa70f58000] No accelerated colorspace conversion found from yuva420p to rgb24.
[swscaler @ 0xa70eb8000] [swscaler @ 0xa70f68000] No accelerated colorspace conversion found from yuva420p to rgb24.
[swscaler @ 0xa70eb8000] [swscaler @ 0xa70f78000] No accelerated colorspace conversion found from yuva420p to rgb24.
[swscaler @ 0xa70eb8000] [swscaler @ 0xa70f88000] No accelerated colorspace conversion found from yuva420p to rgb24.
[swscaler @ 0xa70eb8000] [swscaler @ 0xa70f98000] No accelerated colorspace conversion found from yuva420p to rgb24.
[swscaler @ 0xa70eb8000] [swscaler @ 0xa70fa8000] No accelerated colorspace conversion found from yuva420p to rgb24.
[swscaler @ 0xa70eb8000] [swscaler @ 0xa70fb8000] No accelerated colorspace conversion found from yuva420p to rgb24.
Output #0, rawvideo, to '/Users/adpena/Projects/pact/workspace/upstream/comma_video_compression_challenge/submissions/robust_current/archive/0/inflate_tmp/part_002.raw':
  Metadata:
    SEGMENT         : b0c9d2329ad1606b|2018-07-27--06-03-57/10/video.hevc
    encoder         : Lavf62.12.100
  Stream #0:0: Video: rawvideo (RGB[24] / 0x18424752), rgb24(pc, gbr/unknown/unknown, progressive), 1164x874, q=2-31, 488321 kb/s, 20 fps, 20 tbn
    Metadata:
      encoder         : Lavc62.28.100 rawvideo
frame=   33 fps=0.0 q=-0.0 size=   95232KiB time=00:00:01.65 bitrate=472812.5kbits/s speed= 3.3x elapsed=0:00:00.50    frame=   57 fps= 57 q=-0.0 size=  166656KiB time=00:00:02.85 bitrate=479033.7kbits/s speed=2.84x elapsed=0:00:01.00    frame=   84 fps= 55 q=-0.0 size=  247296KiB time=00:00:04.20 bitrate=482345.0kbits/s speed=2.77x elapsed=0:00:01.51    frame=  115 fps= 57 q=-0.0 size=  339712KiB time=00:00:05.75 bitrate=483986.2kbits/s speed=2.85x elapsed=0:00:02.01    frame=  144 fps= 57 q=-0.0 size=  425984KiB time=00:00:07.20 bitrate=484675.1kbits/s speed=2.85x elapsed=0:00:02.52    frame=  168 fps= 55 q=-0.0 size=  497664KiB time=00:00:08.40 bitrate=485340.9kbits/s speed=2.77x elapsed=0:00:03.03    frame=  196 fps= 55 q=-0.0 size=  581120KiB time=00:00:09.80 bitrate=485768.9kbits/s speed=2.77x elapsed=0:00:03.53    [out#0/rawvideo @ 0xa6f010600] video:596095KiB audio:0KiB subtitle:0KiB other streams:0KiB global headers:0KiB muxing overhead: 0.000000%
frame=  200 fps= 56 q=-0.0 Lsize=  596095KiB time=00:00:10.00 bitrate=488321.3kbits/s speed= 2.8x elapsed=0:00:03.56    
Inflating dynamic ROI window 003 /Users/adpena/Projects/pact/workspace/upstream/comma_video_compression_challenge/submissions/robust_current/archive/0/base_003.mkv + /Users/adpena/Projects/pact/workspace/upstream/comma_video_compression_challenge/submissions/robust_current/archive/0/roi_003.mkv -> /Users/adpena/Projects/pact/workspace/upstream/comma_video_compression_challenge/submissions/robust_current/archive/0/inflate_tmp/part_003.raw
ffmpeg version 8.1 Copyright (c) 2000-2026 the FFmpeg developers
  built with Apple clang version 17.0.0 (clang-1700.6.4.2)
  configuration: --prefix=/opt/homebrew/Cellar/ffmpeg/8.1 --enable-shared --enable-pthreads --enable-version3 --cc=clang --host-cflags= --host-ldflags= --enable-ffplay --enable-gpl --enable-libsvtav1 --enable-libopus --enable-libx264 --enable-libmp3lame --enable-libdav1d --enable-libvpx --enable-libx265 --enable-openssl --enable-videotoolbox --enable-audiotoolbox --enable-neon
  libavutil      60. 26.100 / 60. 26.100
  libavcodec     62. 28.100 / 62. 28.100
  libavformat    62. 12.100 / 62. 12.100
  libavdevice    62.  3.100 / 62.  3.100
  libavfilter    11. 14.100 / 11. 14.100
  libswscale      9.  5.100 /  9.  5.100
  libswresample   6.  3.100 /  6.  3.100
Input #0, matroska,webm, from '/Users/adpena/Projects/pact/workspace/upstream/comma_video_compression_challenge/submissions/robust_current/archive/0/base_003.mkv':
  Metadata:
    SEGMENT         : b0c9d2329ad1606b|2018-07-27--06-03-57/10/video.hevc
    ENCODER         : Lavf62.12.100
  Duration: 00:00:10.00, start: 0.000000, bitrate: 156 kb/s
  Stream #0:0: Video: hevc (Main), yuv420p(tv, progressive), 432x324, 20 fps, 20 tbr, 1k tbn
    Metadata:
      ENCODER         : Lavc62.28.100 libx265
      DURATION        : 00:00:10.000000000
Input #1, matroska,webm, from '/Users/adpena/Projects/pact/workspace/upstream/comma_video_compression_challenge/submissions/robust_current/archive/0/roi_003.mkv':
  Metadata:
    SEGMENT         : b0c9d2329ad1606b|2018-07-27--06-03-57/10/video.hevc
    ENCODER         : Lavf62.12.100
  Duration: 00:00:10.00, start: 0.000000, bitrate: 145 kb/s
  Stream #1:0: Video: hevc (Main), yuv420p(tv, progressive), 320x220, 20 fps, 20 tbr, 1k tbn
    Metadata:
      ENCODER         : Lavc62.28.100 libx265
      DURATION        : 00:00:10.000000000
Stream mapping:
  Stream #0:0 (hevc) -> scale:default
  Stream #1:0 (hevc) -> scale:default
  format:default -> Stream #0:0 (rawvideo)
Press [q] to stop, [?] for help
[swscaler @ 0xa4e830000] No accelerated colorspace conversion found from yuva420p to rgb24.
[swscaler @ 0xa4e830000] [swscaler @ 0xa4e840000] No accelerated colorspace conversion found from yuva420p to rgb24.
[swscaler @ 0xa4e830000] [swscaler @ 0xa4e850000] No accelerated colorspace conversion found from yuva420p to rgb24.
[swscaler @ 0xa4e830000] [swscaler @ 0xa4e860000] No accelerated colorspace conversion found from yuva420p to rgb24.
[swscaler @ 0xa4e830000] [swscaler @ 0xa4e870000] No accelerated colorspace conversion found from yuva420p to rgb24.
[swscaler @ 0xa4e830000] [swscaler @ 0xa4e880000] No accelerated colorspace conversion found from yuva420p to rgb24.
[swscaler @ 0xa4e830000] [swscaler @ 0xa4e890000] No accelerated colorspace conversion found from yuva420p to rgb24.
[swscaler @ 0xa4e830000] [swscaler @ 0xa4e8a0000] No accelerated colorspace conversion found from yuva420p to rgb24.
[swscaler @ 0xa4e830000] [swscaler @ 0xa4e8b0000] No accelerated colorspace conversion found from yuva420p to rgb24.
[swscaler @ 0xa4e830000] [swscaler @ 0xa4e8c0000] No accelerated colorspace conversion found from yuva420p to rgb24.
[swscaler @ 0xa4e830000] [swscaler @ 0xa4e8d0000] No accelerated colorspace conversion found from yuva420p to rgb24.
[swscaler @ 0xa4e830000] [swscaler @ 0xa4e8e0000] No accelerated colorspace conversion found from yuva420p to rgb24.
[swscaler @ 0xa4e830000] [swscaler @ 0xa4e8f0000] No accelerated colorspace conversion found from yuva420p to rgb24.
[swscaler @ 0xa4e830000] [swscaler @ 0xa4e900000] No accelerated colorspace conversion found from yuva420p to rgb24.
[swscaler @ 0xa4e830000] [swscaler @ 0xa4e910000] No accelerated colorspace conversion found from yuva420p to rgb24.
[swscaler @ 0xa4e830000] [swscaler @ 0xa4e920000] No accelerated colorspace conversion found from yuva420p to rgb24.
[swscaler @ 0xa4e830000] [swscaler @ 0xa4e930000] No accelerated colorspace conversion found from yuva420p to rgb24.
Output #0, rawvideo, to '/Users/adpena/Projects/pact/workspace/upstream/comma_video_compression_challenge/submissions/robust_current/archive/0/inflate_tmp/part_003.raw':
  Metadata:
    SEGMENT         : b0c9d2329ad1606b|2018-07-27--06-03-57/10/video.hevc
    encoder         : Lavf62.12.100
  Stream #0:0: Video: rawvideo (RGB[24] / 0x18424752), rgb24(pc, gbr/unknown/unknown, progressive), 1164x874, q=2-31, 488321 kb/s, 20 fps, 20 tbn
    Metadata:
      encoder         : Lavc62.28.100 rawvideo
frame=   20 fps=0.0 q=-0.0 size=   56576KiB time=00:00:01.00 bitrate=463470.6kbits/s speed=1.98x elapsed=0:00:00.50    frame=   47 fps= 46 q=-0.0 size=  136960KiB time=00:00:02.35 bitrate=477436.7kbits/s speed=2.32x elapsed=0:00:01.01    frame=   73 fps= 48 q=-0.0 size=  214528KiB time=00:00:03.65 bitrate=481483.1kbits/s speed= 2.4x elapsed=0:00:01.51    frame=   98 fps= 48 q=-0.0 size=  289024KiB time=00:00:04.90 bitrate=483200.9kbits/s speed=2.41x elapsed=0:00:02.03    frame=  123 fps= 48 q=-0.0 size=  363520KiB time=00:00:06.15 bitrate=484220.5kbits/s speed=2.42x elapsed=0:00:02.53    frame=  148 fps= 49 q=-0.0 size=  438016KiB time=00:00:07.40 bitrate=484895.6kbits/s speed=2.43x elapsed=0:00:03.04    frame=  175 fps= 49 q=-0.0 size=  518400KiB time=00:00:08.75 bitrate=485340.9kbits/s speed=2.46x elapsed=0:00:03.55    [out#0/rawvideo @ 0xa4d418600] video:596095KiB audio:0KiB subtitle:0KiB other streams:0KiB global headers:0KiB muxing overhead: 0.000000%
frame=  200 fps= 50 q=-0.0 Lsize=  596095KiB time=00:00:10.00 bitrate=488321.3kbits/s speed=2.52x elapsed=0:00:03.97    
Inflating dynamic ROI window 004 /Users/adpena/Projects/pact/workspace/upstream/comma_video_compression_challenge/submissions/robust_current/archive/0/base_004.mkv + /Users/adpena/Projects/pact/workspace/upstream/comma_video_compression_challenge/submissions/robust_current/archive/0/roi_004.mkv -> /Users/adpena/Projects/pact/workspace/upstream/comma_video_compression_challenge/submissions/robust_current/archive/0/inflate_tmp/part_004.raw
ffmpeg version 8.1 Copyright (c) 2000-2026 the FFmpeg developers
  built with Apple clang version 17.0.0 (clang-1700.6.4.2)
  configuration: --prefix=/opt/homebrew/Cellar/ffmpeg/8.1 --enable-shared --enable-pthreads --enable-version3 --cc=clang --host-cflags= --host-ldflags= --enable-ffplay --enable-gpl --enable-libsvtav1 --enable-libopus --enable-libx264 --enable-libmp3lame --enable-libdav1d --enable-libvpx --enable-libx265 --enable-openssl --enable-videotoolbox --enable-audiotoolbox --enable-neon
  libavutil      60. 26.100 / 60. 26.100
  libavcodec     62. 28.100 / 62. 28.100
  libavformat    62. 12.100 / 62. 12.100
  libavdevice    62.  3.100 / 62.  3.100
  libavfilter    11. 14.100 / 11. 14.100
  libswscale      9.  5.100 /  9.  5.100
  libswresample   6.  3.100 /  6.  3.100
Input #0, matroska,webm, from '/Users/adpena/Projects/pact/workspace/upstream/comma_video_compression_challenge/submissions/robust_current/archive/0/base_004.mkv':
  Metadata:
    SEGMENT         : b0c9d2329ad1606b|2018-07-27--06-03-57/10/video.hevc
    ENCODER         : Lavf62.12.100
  Duration: 00:00:10.00, start: 0.000000, bitrate: 201 kb/s
  Stream #0:0: Video: hevc (Main), yuv420p(tv, progressive), 432x324, 20 fps, 20 tbr, 1k tbn
    Metadata:
      ENCODER         : Lavc62.28.100 libx265
      DURATION        : 00:00:10.000000000
Input #1, matroska,webm, from '/Users/adpena/Projects/pact/workspace/upstream/comma_video_compression_challenge/submissions/robust_current/archive/0/roi_004.mkv':
  Metadata:
    SEGMENT         : b0c9d2329ad1606b|2018-07-27--06-03-57/10/video.hevc
    ENCODER         : Lavf62.12.100
  Duration: 00:00:10.00, start: 0.000000, bitrate: 197 kb/s
  Stream #1:0: Video: hevc (Main), yuv420p(tv, progressive), 320x220, 20 fps, 20 tbr, 1k tbn
    Metadata:
      ENCODER         : Lavc62.28.100 libx265
      DURATION        : 00:00:10.000000000
Stream mapping:
  Stream #0:0 (hevc) -> scale:default
  Stream #1:0 (hevc) -> scale:default
  format:default -> Stream #0:0 (rawvideo)
Press [q] to stop, [?] for help
[swscaler @ 0xc80ac8000] No accelerated colorspace conversion found from yuva420p to rgb24.
[swscaler @ 0xc80ac8000] [swscaler @ 0xc80ad8000] No accelerated colorspace conversion found from yuva420p to rgb24.
[swscaler @ 0xc80ac8000] [swscaler @ 0xc80ae8000] No accelerated colorspace conversion found from yuva420p to rgb24.
[swscaler @ 0xc80ac8000] [swscaler @ 0xc80af8000] No accelerated colorspace conversion found from yuva420p to rgb24.
[swscaler @ 0xc80ac8000] [swscaler @ 0xc80b08000] No accelerated colorspace conversion found from yuva420p to rgb24.
[swscaler @ 0xc80ac8000] [swscaler @ 0xc80b18000] No accelerated colorspace conversion found from yuva420p to rgb24.
[swscaler @ 0xc80ac8000] [swscaler @ 0xc80b28000] No accelerated colorspace conversion found from yuva420p to rgb24.
[swscaler @ 0xc80ac8000] [swscaler @ 0xc80b38000] No accelerated colorspace conversion found from yuva420p to rgb24.
[swscaler @ 0xc80ac8000] [swscaler @ 0xc80b48000] No accelerated colorspace conversion found from yuva420p to rgb24.
[swscaler @ 0xc80ac8000] [swscaler @ 0xc80b58000] No accelerated colorspace conversion found from yuva420p to rgb24.
[swscaler @ 0xc80ac8000] [swscaler @ 0xc80b68000] No accelerated colorspace conversion found from yuva420p to rgb24.
[swscaler @ 0xc80ac8000] [swscaler @ 0xc80b78000] No accelerated colorspace conversion found from yuva420p to rgb24.
[swscaler @ 0xc80ac8000] [swscaler @ 0xc80b88000] No accelerated colorspace conversion found from yuva420p to rgb24.
[swscaler @ 0xc80ac8000] [swscaler @ 0xc80b98000] No accelerated colorspace conversion found from yuva420p to rgb24.
[swscaler @ 0xc80ac8000] [swscaler @ 0xc80ba8000] No accelerated colorspace conversion found from yuva420p to rgb24.
[swscaler @ 0xc80ac8000] [swscaler @ 0xc80bb8000] No accelerated colorspace conversion found from yuva420p to rgb24.
[swscaler @ 0xc80ac8000] [swscaler @ 0xc80bc8000] No accelerated colorspace conversion found from yuva420p to rgb24.
Output #0, rawvideo, to '/Users/adpena/Projects/pact/workspace/upstream/comma_video_compression_challenge/submissions/robust_current/archive/0/inflate_tmp/part_004.raw':
  Metadata:
    SEGMENT         : b0c9d2329ad1606b|2018-07-27--06-03-57/10/video.hevc
    encoder         : Lavf62.12.100
  Stream #0:0: Video: rawvideo (RGB[24] / 0x18424752), rgb24(pc, gbr/unknown/unknown, progressive), 1164x874, q=2-31, 488321 kb/s, 20 fps, 20 tbn
    Metadata:
      encoder         : Lavc62.28.100 rawvideo
frame=   18 fps=0.0 q=-0.0 size=   50432KiB time=00:00:00.90 bitrate=459043.3kbits/s speed=1.77x elapsed=0:00:00.50    frame=   41 fps= 41 q=-0.0 size=  119040KiB time=00:00:02.05 bitrate=475695.5kbits/s speed=2.03x elapsed=0:00:01.01    frame=   67 fps= 44 q=-0.0 size=  196608KiB time=00:00:03.35 bitrate=480779.9kbits/s speed=2.21x elapsed=0:00:01.51    frame=   92 fps= 45 q=-0.0 size=  271104KiB time=00:00:04.60 bitrate=482800.9kbits/s speed=2.27x elapsed=0:00:02.02    frame=  116 fps= 46 q=-0.0 size=  342528KiB time=00:00:05.80 bitrate=483791.3kbits/s speed=2.29x elapsed=0:00:02.53    frame=  140 fps= 46 q=-0.0 size=  414208KiB time=00:00:07.00 bitrate=484741.7kbits/s speed= 2.3x elapsed=0:00:03.03    frame=  163 fps= 46 q=-0.0 size=  482816KiB time=00:00:08.15 bitrate=485304.1kbits/s speed= 2.3x elapsed=0:00:03.54    frame=  189 fps= 47 q=-0.0 size=  560128KiB time=00:00:09.45 bitrate=485562.8kbits/s speed=2.33x elapsed=0:00:04.05    [out#0/rawvideo @ 0xc7f010600] video:596095KiB audio:0KiB subtitle:0KiB other streams:0KiB global headers:0KiB muxing overhead: 0.000000%
frame=  200 fps= 48 q=-0.0 Lsize=  596095KiB time=00:00:10.00 bitrate=488321.3kbits/s speed= 2.4x elapsed=0:00:04.17    
Inflating dynamic ROI window 005 /Users/adpena/Projects/pact/workspace/upstream/comma_video_compression_challenge/submissions/robust_current/archive/0/base_005.mkv + /Users/adpena/Projects/pact/workspace/upstream/comma_video_compression_challenge/submissions/robust_current/archive/0/roi_005.mkv -> /Users/adpena/Projects/pact/workspace/upstream/comma_video_compression_challenge/submissions/robust_current/archive/0/inflate_tmp/part_005.raw
ffmpeg version 8.1 Copyright (c) 2000-2026 the FFmpeg developers
  built with Apple clang version 17.0.0 (clang-1700.6.4.2)
  configuration: --prefix=/opt/homebrew/Cellar/ffmpeg/8.1 --enable-shared --enable-pthreads --enable-version3 --cc=clang --host-cflags= --host-ldflags= --enable-ffplay --enable-gpl --enable-libsvtav1 --enable-libopus --enable-libx264 --enable-libmp3lame --enable-libdav1d --enable-libvpx --enable-libx265 --enable-openssl --enable-videotoolbox --enable-audiotoolbox --enable-neon
  libavutil      60. 26.100 / 60. 26.100
  libavcodec     62. 28.100 / 62. 28.100
  libavformat    62. 12.100 / 62. 12.100
  libavdevice    62.  3.100 / 62.  3.100
  libavfilter    11. 14.100 / 11. 14.100
  libswscale      9.  5.100 /  9.  5.100
  libswresample   6.  3.100 /  6.  3.100
Input #0, matroska,webm, from '/Users/adpena/Projects/pact/workspace/upstream/comma_video_compression_challenge/submissions/robust_current/archive/0/base_005.mkv':
  Metadata:
    SEGMENT         : b0c9d2329ad1606b|2018-07-27--06-03-57/10/video.hevc
    ENCODER         : Lavf62.12.100
  Duration: 00:00:10.00, start: 0.000000, bitrate: 221 kb/s
  Stream #0:0: Video: hevc (Main), yuv420p(tv, progressive), 432x324, 20 fps, 20 tbr, 1k tbn
    Metadata:
      ENCODER         : Lavc62.28.100 libx265
      DURATION        : 00:00:10.000000000
Input #1, matroska,webm, from '/Users/adpena/Projects/pact/workspace/upstream/comma_video_compression_challenge/submissions/robust_current/archive/0/roi_005.mkv':
  Metadata:
    SEGMENT         : b0c9d2329ad1606b|2018-07-27--06-03-57/10/video.hevc
    ENCODER         : Lavf62.12.100
  Duration: 00:00:10.00, start: 0.000000, bitrate: 197 kb/s
  Stream #1:0: Video: hevc (Main), yuv420p(tv, progressive), 320x220, 20 fps, 20 tbr, 1k tbn
    Metadata:
      ENCODER         : Lavc62.28.100 libx265
      DURATION        : 00:00:10.000000000
Stream mapping:
  Stream #0:0 (hevc) -> scale:default
  Stream #1:0 (hevc) -> scale:default
  format:default -> Stream #0:0 (rawvideo)
Press [q] to stop, [?] for help
[swscaler @ 0x7e32a8000] No accelerated colorspace conversion found from yuva420p to rgb24.
[swscaler @ 0x7e32a8000] [swscaler @ 0x7e32b8000] No accelerated colorspace conversion found from yuva420p to rgb24.
[swscaler @ 0x7e32a8000] [swscaler @ 0x7e32c8000] No accelerated colorspace conversion found from yuva420p to rgb24.
[swscaler @ 0x7e32a8000] [swscaler @ 0x7e32d8000] No accelerated colorspace conversion found from yuva420p to rgb24.
[swscaler @ 0x7e32a8000] [swscaler @ 0x7e32e8000] No accelerated colorspace conversion found from yuva420p to rgb24.
[swscaler @ 0x7e32a8000] [swscaler @ 0x7e32f8000] No accelerated colorspace conversion found from yuva420p to rgb24.
[swscaler @ 0x7e32a8000] [swscaler @ 0x7e3308000] No accelerated colorspace conversion found from yuva420p to rgb24.
[swscaler @ 0x7e32a8000] [swscaler @ 0x7e3318000] No accelerated colorspace conversion found from yuva420p to rgb24.
[swscaler @ 0x7e32a8000] [swscaler @ 0x7e3328000] No accelerated colorspace conversion found from yuva420p to rgb24.
[swscaler @ 0x7e32a8000] [swscaler @ 0x7e3338000] No accelerated colorspace conversion found from yuva420p to rgb24.
[swscaler @ 0x7e32a8000] [swscaler @ 0x7e3348000] No accelerated colorspace conversion found from yuva420p to rgb24.
[swscaler @ 0x7e32a8000] [swscaler @ 0x7e3358000] No accelerated colorspace conversion found from yuva420p to rgb24.
[swscaler @ 0x7e32a8000] [swscaler @ 0x7e3368000] No accelerated colorspace conversion found from yuva420p to rgb24.
[swscaler @ 0x7e32a8000] [swscaler @ 0x7e3378000] No accelerated colorspace conversion found from yuva420p to rgb24.
[swscaler @ 0x7e32a8000] [swscaler @ 0x7e3388000] No accelerated colorspace conversion found from yuva420p to rgb24.
[swscaler @ 0x7e32a8000] [swscaler @ 0x7e3398000] No accelerated colorspace conversion found from yuva420p to rgb24.
[swscaler @ 0x7e32a8000] [swscaler @ 0x7e33a8000] No accelerated colorspace conversion found from yuva420p to rgb24.
Output #0, rawvideo, to '/Users/adpena/Projects/pact/workspace/upstream/comma_video_compression_challenge/submissions/robust_current/archive/0/inflate_tmp/part_005.raw':
  Metadata:
    SEGMENT         : b0c9d2329ad1606b|2018-07-27--06-03-57/10/video.hevc
    encoder         : Lavf62.12.100
  Stream #0:0: Video: rawvideo (RGB[24] / 0x18424752), rgb24(pc, gbr/unknown/unknown, progressive), 1164x874, q=2-31, 488321 kb/s, 20 fps, 20 tbn
    Metadata:
      encoder         : Lavc62.28.100 rawvideo
frame=   19 fps=0.0 q=-0.0 size=   53504KiB time=00:00:00.95 bitrate=461373.4kbits/s speed=1.88x elapsed=0:00:00.50    frame=   46 fps= 45 q=-0.0 size=  133888KiB time=00:00:02.30 bitrate=476874.1kbits/s speed=2.27x elapsed=0:00:01.01    frame=   70 fps= 46 q=-0.0 size=  205568KiB time=00:00:03.50 bitrate=481146.6kbits/s speed=2.31x elapsed=0:00:01.51    frame=   94 fps= 47 q=-0.0 size=  276992KiB time=00:00:04.70 bitrate=482791.2kbits/s speed=2.33x elapsed=0:00:02.01    frame=  117 fps= 46 q=-0.0 size=  345600KiB time=00:00:05.85 bitrate=483958.2kbits/s speed=2.31x elapsed=0:00:02.52    frame=  145 fps= 48 q=-0.0 size=  429056KiB time=00:00:07.25 bitrate=484803.7kbits/s speed=2.39x elapsed=0:00:03.03    frame=  168 fps= 47 q=-0.0 size=  497664KiB time=00:00:08.40 bitrate=485340.9kbits/s speed=2.37x elapsed=0:00:03.54    frame=  193 fps= 48 q=-0.0 size=  572160KiB time=00:00:09.65 bitrate=485713.4kbits/s speed=2.38x elapsed=0:00:04.04    [out#0/rawvideo @ 0x7e1008600] video:596095KiB audio:0KiB subtitle:0KiB other streams:0KiB global headers:0KiB muxing overhead: 0.000000%
frame=  200 fps= 48 q=-0.0 Lsize=  596095KiB time=00:00:10.00 bitrate=488321.3kbits/s speed=2.42x elapsed=0:00:04.13    
All videos inflated to /Users/adpena/Projects/pact/workspace/upstream/comma_video_compression_challenge/submissions/robust_current/inflated
=== Evaluation config ===
  batch_size: 16
  device: cpu
  num_threads: 2
  prefetch_queue_depth: 4
  report: /Users/adpena/Projects/pact/workspace/upstream/comma_video_compression_challenge/submissions/robust_current/report.txt
  seed: 1234
  submission_dir: /Users/adpena/Projects/pact/workspace/upstream/comma_video_compression_challenge/submissions/robust_current
  uncompressed_dir: /Users/adpena/Projects/pact/workspace/upstream/comma_video_compression_challenge/videos
  video_names_file: /Users/adpena/Projects/pact/workspace/upstream/comma_video_compression_challenge/public_test_video_names.txt
AVVideoDataset on rank 0 with 1 files.
TensorVideoDataset on rank 0 with 1 files.
0it [00:00, ?it/s]/Users/adpena/Projects/pact/workspace/upstream/comma_video_compression_challenge/frame_utils.py:232: UserWarning: The given NumPy array is not writable, and PyTorch does not support non-writable tensors. This means writing to this tensor will result in undefined behavior. You may want to copy the array to protect its data or make it writable before converting it to a tensor. This type of warning will be suppressed for the rest of this program. (Triggered internally at /Users/runner/work/pytorch/pytorch/pytorch/torch/csrc/utils/tensor_numpy.cpp:219.)
  frames = torch.from_numpy(mm)  # (N, H, W, C), shares mmap memory
1it [00:38, 38.66s/it]2it [01:16, 38.29s/it]3it [01:56, 39.21s/it]4it [02:36, 39.16s/it]5it [03:13, 38.59s/it]6it [03:51, 38.42s/it]7it [04:30, 38.43s/it]8it [05:08, 38.26s/it]9it [05:45, 37.98s/it]10it [06:25, 38.49s/it]11it [07:03, 38.40s/it]12it [07:41, 38.43s/it]13it [08:19, 38.26s/it]14it [08:58, 38.33s/it]15it [09:35, 38.04s/it]16it [10:13, 38.10s/it]17it [10:50, 37.71s/it]18it [11:27, 37.47s/it]19it [12:03, 37.15s/it]20it [12:42, 37.57s/it]21it [13:16, 36.53s/it]22it [13:47, 34.95s/it]23it [14:20, 34.15s/it]24it [14:56, 34.95s/it]25it [15:27, 33.53s/it]26it [15:56, 32.38s/it]27it [16:27, 31.83s/it]28it [17:06, 34.00s/it]29it [17:42, 34.69s/it]30it [18:23, 36.43s/it]31it [19:00, 36.71s/it]32it [19:36, 36.41s/it]33it [20:13, 36.63s/it]34it [20:52, 37.36s/it]35it [21:32, 38.08s/it]36it [22:15, 39.51s/it]37it [22:53, 39.11s/it]38it [24:29, 56.21s/it]38it [24:29, 38.67s/it]
=== Evaluation results over 600 samples ===
  Average PoseNet Distortion: 0.39123508
  Average SegNet Distortion: 0.00716448
  Submission file size: 2,660,388 bytes
  Original uncompressed size: 37,545,489 bytes
  Compression Rate: 0.07085773
  Final score: 100*segnet_dist + √(10*posenet_dist) + 25*rate = 4.47
Evaluation complete. Report saved to /Users/adpena/Projects/pact/workspace/upstream/comma_video_compression_challenge/submissions/robust_current/report.txt
